TpTrace Verbose: 0 : 6276, 1, 2022/11/11, 02:49:01.512, 7430785054873, vstest.console.dll, Version: 17.3.1 Current process architecture: X64
TpTrace Verbose: 0 : 6276, 1, 2022/11/11, 02:49:01.514, 7430785078540, vstest.console.dll, Runtime location: C:\Program Files\dotnet\shared\Microsoft.NETCore.App\6.0.10
TpTrace Information: 0 : 6276, 1, 2022/11/11, 02:49:01.522, 7430785159190, vstest.console.dll, FilePatternParser: The given file D:\zzzAllFiles\Programming\Assessments\MoneyMe\moneyme-api\MoneyMeTests\bin\Debug\net6.0\fine-code-coverage\build-output\MoneyMeTests.dll is a full path.
TpTrace Verbose: 0 : 6276, 1, 2022/11/11, 02:49:01.531, 7430785245433, vstest.console.dll, TestPluginCache.DiscoverTestExtensions: finding test extensions in assemblies ends with: RuntimeProvider.dll TPluginInfo: Microsoft.VisualStudio.TestPlatform.Common.ExtensionFramework.Utilities.TestRuntimePluginInformation TExtension: Microsoft.VisualStudio.TestPlatform.ObjectModel.Host.ITestRuntimeProvider
TpTrace Verbose: 0 : 6276, 1, 2022/11/11, 02:49:01.532, 7430785252392, vstest.console.dll, TestPluginCache.GetExtensionPaths: Filtered extension paths: 
TpTrace Verbose: 0 : 6276, 1, 2022/11/11, 02:49:01.532, 7430785253772, vstest.console.dll, TestPluginCache.GetExtensionPaths: Added default extension paths: C:\Program Files\dotnet\sdk\6.0.402\Extensions\Microsoft.Diagnostics.NETCore.Client.dll
C:\Program Files\dotnet\sdk\6.0.402\Extensions\Microsoft.TestPlatform.Extensions.BlameDataCollector.dll
C:\Program Files\dotnet\sdk\6.0.402\Extensions\Microsoft.TestPlatform.Extensions.EventLogCollector.dll
C:\Program Files\dotnet\sdk\6.0.402\Extensions\Microsoft.TestPlatform.TestHostRuntimeProvider.dll
C:\Program Files\dotnet\sdk\6.0.402\Extensions\Microsoft.VisualStudio.TestPlatform.Extensions.Html.TestLogger.dll
C:\Program Files\dotnet\sdk\6.0.402\Extensions\Microsoft.VisualStudio.TestPlatform.Extensions.Trx.TestLogger.dll
TpTrace Verbose: 0 : 6276, 1, 2022/11/11, 02:49:01.532, 7430785254256, vstest.console.dll, TestPluginCache.GetExtensionPaths: Added unfilterableExtensionPaths: 
TpTrace Information: 0 : 6276, 1, 2022/11/11, 02:49:01.533, 7430785262055, vstest.console.dll, AssemblyResolver.ctor: Creating AssemblyResolver with searchDirectories C:\Program Files\dotnet\sdk\6.0.402\Extensions,C:\Program Files\dotnet\sdk\6.0.402
TpTrace Verbose: 0 : 6276, 1, 2022/11/11, 02:49:01.534, 7430785271562, vstest.console.dll, TestPluginCache.DiscoverTestExtensions: Discovering the extensions using extension path.
TpTrace Verbose: 0 : 6276, 1, 2022/11/11, 02:49:01.534, 7430785273433, vstest.console.dll, TestPluginCache.GetExtensionPaths: Filtered extension paths: 
TpTrace Verbose: 0 : 6276, 1, 2022/11/11, 02:49:01.534, 7430785274249, vstest.console.dll, TestPluginCache.GetExtensionPaths: Added default extension paths: C:\Program Files\dotnet\sdk\6.0.402\Extensions\Microsoft.Diagnostics.NETCore.Client.dll
C:\Program Files\dotnet\sdk\6.0.402\Extensions\Microsoft.TestPlatform.Extensions.BlameDataCollector.dll
C:\Program Files\dotnet\sdk\6.0.402\Extensions\Microsoft.TestPlatform.Extensions.EventLogCollector.dll
C:\Program Files\dotnet\sdk\6.0.402\Extensions\Microsoft.TestPlatform.TestHostRuntimeProvider.dll
C:\Program Files\dotnet\sdk\6.0.402\Extensions\Microsoft.VisualStudio.TestPlatform.Extensions.Html.TestLogger.dll
C:\Program Files\dotnet\sdk\6.0.402\Extensions\Microsoft.VisualStudio.TestPlatform.Extensions.Trx.TestLogger.dll
TpTrace Verbose: 0 : 6276, 1, 2022/11/11, 02:49:01.534, 7430785274672, vstest.console.dll, TestPluginCache.GetExtensionPaths: Added unfilterableExtensionPaths: 
TpTrace Verbose: 0 : 6276, 1, 2022/11/11, 02:49:01.534, 7430785275498, vstest.console.dll, TestPluginCache.DiscoverTestExtensions: Discovering the extensions using allExtensionPaths: C:\Program Files\dotnet\sdk\6.0.402\Extensions\Microsoft.Diagnostics.NETCore.Client.dll
C:\Program Files\dotnet\sdk\6.0.402\Extensions\Microsoft.TestPlatform.Extensions.BlameDataCollector.dll
C:\Program Files\dotnet\sdk\6.0.402\Extensions\Microsoft.TestPlatform.Extensions.EventLogCollector.dll
C:\Program Files\dotnet\sdk\6.0.402\Extensions\Microsoft.TestPlatform.TestHostRuntimeProvider.dll
C:\Program Files\dotnet\sdk\6.0.402\Extensions\Microsoft.VisualStudio.TestPlatform.Extensions.Html.TestLogger.dll
C:\Program Files\dotnet\sdk\6.0.402\Extensions\Microsoft.VisualStudio.TestPlatform.Extensions.Trx.TestLogger.dll
TpTrace Information: 0 : 6276, 1, 2022/11/11, 02:49:01.534, 7430785277825, vstest.console.dll, AssemblyResolver.AddSearchDirectories: Adding more searchDirectories C:\Program Files\dotnet\sdk\6.0.402\Extensions,C:\Program Files\dotnet\sdk\6.0.402
TpTrace Information: 0 : 6276, 1, 2022/11/11, 02:49:01.534, 7430785278527, vstest.console.dll, AssemblyResolver.AddSearchDirectories: Adding more searchDirectories C:\Program Files\dotnet\sdk\6.0.402\Extensions,C:\Program Files\dotnet\sdk\6.0.402
TpTrace Information: 0 : 6276, 1, 2022/11/11, 02:49:01.534, 7430785278965, vstest.console.dll, AssemblyResolver.AddSearchDirectories: Adding more searchDirectories C:\Program Files\dotnet\sdk\6.0.402\Extensions,C:\Program Files\dotnet\sdk\6.0.402
TpTrace Information: 0 : 6276, 1, 2022/11/11, 02:49:01.534, 7430785279355, vstest.console.dll, AssemblyResolver.AddSearchDirectories: Adding more searchDirectories C:\Program Files\dotnet\sdk\6.0.402\Extensions,C:\Program Files\dotnet\sdk\6.0.402
TpTrace Information: 0 : 6276, 1, 2022/11/11, 02:49:01.534, 7430785279819, vstest.console.dll, AssemblyResolver.AddSearchDirectories: Adding more searchDirectories C:\Program Files\dotnet\sdk\6.0.402\Extensions,C:\Program Files\dotnet\sdk\6.0.402
TpTrace Information: 0 : 6276, 1, 2022/11/11, 02:49:01.534, 7430785280198, vstest.console.dll, AssemblyResolver.AddSearchDirectories: Adding more searchDirectories C:\Program Files\dotnet\sdk\6.0.402\Extensions,C:\Program Files\dotnet\sdk\6.0.402
TpTrace Information: 0 : 6276, 1, 2022/11/11, 02:49:01.535, 7430785284285, vstest.console.dll, AssemblyResolver.OnResolve: Microsoft.Diagnostics.NETCore.Client: Resolving assembly.
TpTrace Information: 0 : 6276, 1, 2022/11/11, 02:49:01.535, 7430785285169, vstest.console.dll, AssemblyResolver.OnResolve: Microsoft.Diagnostics.NETCore.Client: Searching in: 'C:\Program Files\dotnet\sdk\6.0.402\Extensions'.
TpTrace Information: 0 : 6276, 1, 2022/11/11, 02:49:01.536, 7430785293964, vstest.console.dll, AssemblyResolver.OnResolve: Microsoft.Diagnostics.NETCore.Client: Loading assembly 'C:\Program Files\dotnet\sdk\6.0.402\Extensions\Microsoft.Diagnostics.NETCore.Client.dll'.
TpTrace Information: 0 : 6276, 1, 2022/11/11, 02:49:01.537, 7430785303643, vstest.console.dll, AssemblyResolver.OnResolve: Resolved assembly: Microsoft.Diagnostics.NETCore.Client, from path: C:\Program Files\dotnet\sdk\6.0.402\Extensions\Microsoft.Diagnostics.NETCore.Client.dll
TpTrace Verbose: 0 : 6276, 1, 2022/11/11, 02:49:01.542, 7430785358832, vstest.console.dll, MetadataReaderExtensionsHelper: Discovering extensions inside assembly 'Microsoft.Diagnostics.NETCore.Client, Version=0.2.5.801, Culture=neutral, PublicKeyToken=31bf3856ad364e35' file path 'C:\Program Files\dotnet\sdk\6.0.402\Extensions\Microsoft.Diagnostics.NETCore.Client.dll'
TpTrace Information: 0 : 6276, 1, 2022/11/11, 02:49:01.557, 7430785504962, vstest.console.dll, AssemblyResolver.OnResolve: Microsoft.Bcl.AsyncInterfaces: Resolving assembly.
TpTrace Information: 0 : 6276, 1, 2022/11/11, 02:49:01.557, 7430785506483, vstest.console.dll, AssemblyResolver.OnResolve: Microsoft.Bcl.AsyncInterfaces: Searching in: 'C:\Program Files\dotnet\sdk\6.0.402\Extensions'.
TpTrace Information: 0 : 6276, 1, 2022/11/11, 02:49:01.557, 7430785507693, vstest.console.dll, AssemblyResolver.OnResolve: Microsoft.Bcl.AsyncInterfaces: Assembly path does not exist: 'C:\Program Files\dotnet\sdk\6.0.402\Extensions\Microsoft.Bcl.AsyncInterfaces.dll', returning.
TpTrace Information: 0 : 6276, 1, 2022/11/11, 02:49:01.557, 7430785508506, vstest.console.dll, AssemblyResolver.OnResolve: Microsoft.Bcl.AsyncInterfaces: Assembly path does not exist: 'C:\Program Files\dotnet\sdk\6.0.402\Extensions\Microsoft.Bcl.AsyncInterfaces.exe', returning.
TpTrace Information: 0 : 6276, 1, 2022/11/11, 02:49:01.557, 7430785509948, vstest.console.dll, AssemblyResolver.OnResolve: Microsoft.Bcl.AsyncInterfaces: Searching in: 'C:\Program Files\dotnet\sdk\6.0.402'.
TpTrace Information: 0 : 6276, 1, 2022/11/11, 02:49:01.558, 7430785511477, vstest.console.dll, AssemblyResolver.OnResolve: Microsoft.Bcl.AsyncInterfaces: Assembly path does not exist: 'C:\Program Files\dotnet\sdk\6.0.402\Microsoft.Bcl.AsyncInterfaces.dll', returning.
TpTrace Information: 0 : 6276, 1, 2022/11/11, 02:49:01.558, 7430785513031, vstest.console.dll, AssemblyResolver.OnResolve: Microsoft.Bcl.AsyncInterfaces: Assembly path does not exist: 'C:\Program Files\dotnet\sdk\6.0.402\Microsoft.Bcl.AsyncInterfaces.exe', returning.
TpTrace Information: 0 : 6276, 1, 2022/11/11, 02:49:01.558, 7430785513495, vstest.console.dll, AssemblyResolver.OnResolve: Microsoft.Bcl.AsyncInterfaces: Failed to load assembly.
TpTrace Verbose: 0 : 6276, 1, 2022/11/11, 02:49:01.558, 7430785514448, vstest.console.dll, CurrentDomainAssemblyResolve: Resolving assembly 'Microsoft.Bcl.AsyncInterfaces'.
TpTrace Information: 0 : 6276, 1, 2022/11/11, 02:49:01.558, 7430785516201, vstest.console.dll, AssemblyResolver.OnResolve: Microsoft.Bcl.AsyncInterfaces: Resolving assembly.
TpTrace Information: 0 : 6276, 1, 2022/11/11, 02:49:01.558, 7430785516834, vstest.console.dll, AssemblyResolver.OnResolve: Microsoft.Bcl.AsyncInterfaces: Resolved from cache.
TpTrace Verbose: 0 : 6276, 1, 2022/11/11, 02:49:01.558, 7430785517304, vstest.console.dll, CurrentDomainAssemblyResolve: Resolving assembly 'Microsoft.Bcl.AsyncInterfaces'.
TpTrace Verbose: 0 : 6276, 1, 2022/11/11, 02:49:01.558, 7430785517828, vstest.console.dll, CurrentDomainAssemblyResolve: Failed to resolve assembly 'Microsoft.Bcl.AsyncInterfaces'.
TpTrace Verbose: 0 : 6276, 1, 2022/11/11, 02:49:01.559, 7430785525550, vstest.console.dll, CurrentDomainAssemblyResolve: Failed to resolve assembly 'Microsoft.Bcl.AsyncInterfaces'.
TpTrace Warning: 0 : 6276, 1, 2022/11/11, 02:49:01.573, 7430785666294, vstest.console.dll, TestPluginDiscoverer: Failed to get types from assembly 'Microsoft.Diagnostics.NETCore.Client, Version=0.2.5.801, Culture=neutral, PublicKeyToken=31bf3856ad364e35'. Error: System.Reflection.ReflectionTypeLoadException: Unable to load one or more of the requested types.
Could not load file or assembly 'Microsoft.Bcl.AsyncInterfaces, Version=1.0.0.0, Culture=neutral, PublicKeyToken=cc7b13ffcd2ddd51'. The system cannot find the file specified.
   at System.Reflection.RuntimeModule.GetTypes(RuntimeModule module)
   at System.Reflection.Assembly.GetTypes()
   at Microsoft.VisualStudio.TestPlatform.Common.ExtensionFramework.TestPluginDiscoverer.GetTestExtensionsFromAssembly[TPluginInfo,TExtension](Assembly assembly, Dictionary`2 pluginInfos, String filePath)
System.IO.FileNotFoundException: Could not load file or assembly 'Microsoft.Bcl.AsyncInterfaces, Version=1.0.0.0, Culture=neutral, PublicKeyToken=cc7b13ffcd2ddd51'. The system cannot find the file specified.
File name: 'Microsoft.Bcl.AsyncInterfaces, Version=1.0.0.0, Culture=neutral, PublicKeyToken=cc7b13ffcd2ddd51'
 ---> System.IO.FileNotFoundException: Could not load file or assembly 'Microsoft.Bcl.AsyncInterfaces, Culture=neutral, PublicKeyToken=null'. The system cannot find the file specified.
File name: 'Microsoft.Bcl.AsyncInterfaces, Culture=neutral, PublicKeyToken=null'
   at System.Reflection.RuntimeAssembly.InternalLoad(ObjectHandleOnStack assemblyName, ObjectHandleOnStack requestingAssembly, StackCrawlMarkHandle stackMark, Boolean throwOnFileNotFound, ObjectHandleOnStack assemblyLoadContext, ObjectHandleOnStack retAssembly)
   at System.Reflection.RuntimeAssembly.InternalLoad(AssemblyName assemblyName, RuntimeAssembly requestingAssembly, StackCrawlMark& stackMark, Boolean throwOnFileNotFound, AssemblyLoadContext assemblyLoadContext)
   at System.Reflection.Assembly.Load(AssemblyName assemblyRef)
   at Microsoft.VisualStudio.TestPlatform.Common.ExtensionFramework.TestPluginCache.CurrentDomainAssemblyResolve(Object sender, AssemblyResolveEventArgs args)
   at Microsoft.VisualStudio.TestPlatform.PlatformAbstractions.PlatformAssemblyResolver.AssemblyResolverEvent(Object sender, Object eventArgs)
   at System.Runtime.Loader.AssemblyLoadContext.GetFirstResolvedAssemblyFromResolvingEvent(AssemblyName assemblyName)
   at System.Runtime.Loader.AssemblyLoadContext.ResolveUsingEvent(AssemblyName assemblyName)
   at System.Runtime.Loader.AssemblyLoadContext.ResolveUsingResolvingEvent(IntPtr gchManagedAssemblyLoadContext, AssemblyName assemblyName)
TpTrace Warning: 0 : 6276, 1, 2022/11/11, 02:49:01.574, 7430785672592, vstest.console.dll, LoaderExceptions: System.IO.FileNotFoundException: Could not load file or assembly 'Microsoft.Bcl.AsyncInterfaces, Version=1.0.0.0, Culture=neutral, PublicKeyToken=cc7b13ffcd2ddd51'. The system cannot find the file specified.
File name: 'Microsoft.Bcl.AsyncInterfaces, Version=1.0.0.0, Culture=neutral, PublicKeyToken=cc7b13ffcd2ddd51'
 ---> System.IO.FileNotFoundException: Could not load file or assembly 'Microsoft.Bcl.AsyncInterfaces, Culture=neutral, PublicKeyToken=null'. The system cannot find the file specified.
File name: 'Microsoft.Bcl.AsyncInterfaces, Culture=neutral, PublicKeyToken=null'
   at System.Reflection.RuntimeAssembly.InternalLoad(ObjectHandleOnStack assemblyName, ObjectHandleOnStack requestingAssembly, StackCrawlMarkHandle stackMark, Boolean throwOnFileNotFound, ObjectHandleOnStack assemblyLoadContext, ObjectHandleOnStack retAssembly)
   at System.Reflection.RuntimeAssembly.InternalLoad(AssemblyName assemblyName, RuntimeAssembly requestingAssembly, StackCrawlMark& stackMark, Boolean throwOnFileNotFound, AssemblyLoadContext assemblyLoadContext)
   at System.Reflection.Assembly.Load(AssemblyName assemblyRef)
   at Microsoft.VisualStudio.TestPlatform.Common.ExtensionFramework.TestPluginCache.CurrentDomainAssemblyResolve(Object sender, AssemblyResolveEventArgs args)
   at Microsoft.VisualStudio.TestPlatform.PlatformAbstractions.PlatformAssemblyResolver.AssemblyResolverEvent(Object sender, Object eventArgs)
   at System.Runtime.Loader.AssemblyLoadContext.GetFirstResolvedAssemblyFromResolvingEvent(AssemblyName assemblyName)
   at System.Runtime.Loader.AssemblyLoadContext.ResolveUsingEvent(AssemblyName assemblyName)
   at System.Runtime.Loader.AssemblyLoadContext.ResolveUsingResolvingEvent(IntPtr gchManagedAssemblyLoadContext, AssemblyName assemblyName)
TpTrace Information: 0 : 6276, 1, 2022/11/11, 02:49:01.574, 7430785676625, vstest.console.dll, AssemblyResolver.OnResolve: Microsoft.TestPlatform.Extensions.BlameDataCollector: Resolving assembly.
TpTrace Information: 0 : 6276, 1, 2022/11/11, 02:49:01.574, 7430785677390, vstest.console.dll, AssemblyResolver.OnResolve: Microsoft.TestPlatform.Extensions.BlameDataCollector: Searching in: 'C:\Program Files\dotnet\sdk\6.0.402\Extensions'.
TpTrace Information: 0 : 6276, 1, 2022/11/11, 02:49:01.575, 7430785685588, vstest.console.dll, AssemblyResolver.OnResolve: Microsoft.TestPlatform.Extensions.BlameDataCollector: Loading assembly 'C:\Program Files\dotnet\sdk\6.0.402\Extensions\Microsoft.TestPlatform.Extensions.BlameDataCollector.dll'.
TpTrace Information: 0 : 6276, 1, 2022/11/11, 02:49:01.576, 7430785696325, vstest.console.dll, AssemblyResolver.OnResolve: Resolved assembly: Microsoft.TestPlatform.Extensions.BlameDataCollector, from path: C:\Program Files\dotnet\sdk\6.0.402\Extensions\Microsoft.TestPlatform.Extensions.BlameDataCollector.dll
TpTrace Verbose: 0 : 6276, 1, 2022/11/11, 02:49:01.576, 7430785698252, vstest.console.dll, MetadataReaderExtensionsHelper: Discovering extensions inside assembly 'Microsoft.TestPlatform.Extensions.BlameDataCollector, Version=15.0.0.0, Culture=neutral, PublicKeyToken=b03f5f7f11d50a3a' file path 'C:\Program Files\dotnet\sdk\6.0.402\Extensions\Microsoft.TestPlatform.Extensions.BlameDataCollector.dll'
TpTrace Information: 0 : 6276, 1, 2022/11/11, 02:49:01.579, 7430785723215, vstest.console.dll, AssemblyResolver.OnResolve: Microsoft.TestPlatform.Extensions.EventLogCollector: Resolving assembly.
TpTrace Information: 0 : 6276, 1, 2022/11/11, 02:49:01.579, 7430785726235, vstest.console.dll, AssemblyResolver.OnResolve: Microsoft.TestPlatform.Extensions.EventLogCollector: Searching in: 'C:\Program Files\dotnet\sdk\6.0.402\Extensions'.
TpTrace Information: 0 : 6276, 1, 2022/11/11, 02:49:01.580, 7430785739031, vstest.console.dll, AssemblyResolver.OnResolve: Microsoft.TestPlatform.Extensions.EventLogCollector: Loading assembly 'C:\Program Files\dotnet\sdk\6.0.402\Extensions\Microsoft.TestPlatform.Extensions.EventLogCollector.dll'.
TpTrace Information: 0 : 6276, 1, 2022/11/11, 02:49:01.581, 7430785747182, vstest.console.dll, AssemblyResolver.OnResolve: Resolved assembly: Microsoft.TestPlatform.Extensions.EventLogCollector, from path: C:\Program Files\dotnet\sdk\6.0.402\Extensions\Microsoft.TestPlatform.Extensions.EventLogCollector.dll
TpTrace Verbose: 0 : 6276, 1, 2022/11/11, 02:49:01.581, 7430785748454, vstest.console.dll, MetadataReaderExtensionsHelper: Discovering extensions inside assembly 'Microsoft.TestPlatform.Extensions.EventLogCollector, Version=15.0.0.0, Culture=neutral, PublicKeyToken=b03f5f7f11d50a3a' file path 'C:\Program Files\dotnet\sdk\6.0.402\Extensions\Microsoft.TestPlatform.Extensions.EventLogCollector.dll'
TpTrace Information: 0 : 6276, 1, 2022/11/11, 02:49:01.584, 7430785774776, vstest.console.dll, AssemblyResolver.OnResolve: Microsoft.TestPlatform.TestHostRuntimeProvider: Resolving assembly.
TpTrace Information: 0 : 6276, 1, 2022/11/11, 02:49:01.584, 7430785775808, vstest.console.dll, AssemblyResolver.OnResolve: Microsoft.TestPlatform.TestHostRuntimeProvider: Searching in: 'C:\Program Files\dotnet\sdk\6.0.402\Extensions'.
TpTrace Information: 0 : 6276, 1, 2022/11/11, 02:49:01.585, 7430785783746, vstest.console.dll, AssemblyResolver.OnResolve: Microsoft.TestPlatform.TestHostRuntimeProvider: Loading assembly 'C:\Program Files\dotnet\sdk\6.0.402\Extensions\Microsoft.TestPlatform.TestHostRuntimeProvider.dll'.
TpTrace Information: 0 : 6276, 1, 2022/11/11, 02:49:01.586, 7430785792891, vstest.console.dll, AssemblyResolver.OnResolve: Resolved assembly: Microsoft.TestPlatform.TestHostRuntimeProvider, from path: C:\Program Files\dotnet\sdk\6.0.402\Extensions\Microsoft.TestPlatform.TestHostRuntimeProvider.dll
TpTrace Verbose: 0 : 6276, 1, 2022/11/11, 02:49:01.586, 7430785794097, vstest.console.dll, MetadataReaderExtensionsHelper: Discovering extensions inside assembly 'Microsoft.TestPlatform.TestHostRuntimeProvider, Version=15.0.0.0, Culture=neutral, PublicKeyToken=b03f5f7f11d50a3a' file path 'C:\Program Files\dotnet\sdk\6.0.402\Extensions\Microsoft.TestPlatform.TestHostRuntimeProvider.dll'
TpTrace Information: 0 : 6276, 1, 2022/11/11, 02:49:01.588, 7430785817777, vstest.console.dll, GetTestExtensionFromType: Register extension with identifier data 'HostProvider://DefaultTestHost' and type 'Microsoft.VisualStudio.TestPlatform.CrossPlatEngine.Hosting.DefaultTestHostManager, Microsoft.TestPlatform.TestHostRuntimeProvider, Version=15.0.0.0, Culture=neutral, PublicKeyToken=b03f5f7f11d50a3a' inside file 'C:\Program Files\dotnet\sdk\6.0.402\Extensions\Microsoft.TestPlatform.TestHostRuntimeProvider.dll'
TpTrace Information: 0 : 6276, 1, 2022/11/11, 02:49:01.588, 7430785819273, vstest.console.dll, GetTestExtensionFromType: Register extension with identifier data 'HostProvider://DotnetTestHost' and type 'Microsoft.VisualStudio.TestPlatform.CrossPlatEngine.Hosting.DotnetTestHostManager, Microsoft.TestPlatform.TestHostRuntimeProvider, Version=15.0.0.0, Culture=neutral, PublicKeyToken=b03f5f7f11d50a3a' inside file 'C:\Program Files\dotnet\sdk\6.0.402\Extensions\Microsoft.TestPlatform.TestHostRuntimeProvider.dll'
TpTrace Information: 0 : 6276, 1, 2022/11/11, 02:49:01.588, 7430785820310, vstest.console.dll, AssemblyResolver.OnResolve: Microsoft.VisualStudio.TestPlatform.Extensions.Html.TestLogger: Resolving assembly.
TpTrace Information: 0 : 6276, 1, 2022/11/11, 02:49:01.588, 7430785820785, vstest.console.dll, AssemblyResolver.OnResolve: Microsoft.VisualStudio.TestPlatform.Extensions.Html.TestLogger: Searching in: 'C:\Program Files\dotnet\sdk\6.0.402\Extensions'.
TpTrace Information: 0 : 6276, 1, 2022/11/11, 02:49:01.589, 7430785828878, vstest.console.dll, AssemblyResolver.OnResolve: Microsoft.VisualStudio.TestPlatform.Extensions.Html.TestLogger: Loading assembly 'C:\Program Files\dotnet\sdk\6.0.402\Extensions\Microsoft.VisualStudio.TestPlatform.Extensions.Html.TestLogger.dll'.
TpTrace Information: 0 : 6276, 1, 2022/11/11, 02:49:01.590, 7430785838433, vstest.console.dll, AssemblyResolver.OnResolve: Resolved assembly: Microsoft.VisualStudio.TestPlatform.Extensions.Html.TestLogger, from path: C:\Program Files\dotnet\sdk\6.0.402\Extensions\Microsoft.VisualStudio.TestPlatform.Extensions.Html.TestLogger.dll
TpTrace Verbose: 0 : 6276, 1, 2022/11/11, 02:49:01.590, 7430785839734, vstest.console.dll, MetadataReaderExtensionsHelper: Discovering extensions inside assembly 'Microsoft.VisualStudio.TestPlatform.Extensions.Html.TestLogger, Version=15.0.0.0, Culture=neutral, PublicKeyToken=b03f5f7f11d50a3a' file path 'C:\Program Files\dotnet\sdk\6.0.402\Extensions\Microsoft.VisualStudio.TestPlatform.Extensions.Html.TestLogger.dll'
TpTrace Information: 0 : 6276, 1, 2022/11/11, 02:49:01.592, 7430785852195, vstest.console.dll, AssemblyResolver.OnResolve: Microsoft.VisualStudio.TestPlatform.Extensions.Trx.TestLogger: Resolving assembly.
TpTrace Information: 0 : 6276, 1, 2022/11/11, 02:49:01.592, 7430785853272, vstest.console.dll, AssemblyResolver.OnResolve: Microsoft.VisualStudio.TestPlatform.Extensions.Trx.TestLogger: Searching in: 'C:\Program Files\dotnet\sdk\6.0.402\Extensions'.
TpTrace Information: 0 : 6276, 1, 2022/11/11, 02:49:01.592, 7430785860018, vstest.console.dll, AssemblyResolver.OnResolve: Microsoft.VisualStudio.TestPlatform.Extensions.Trx.TestLogger: Loading assembly 'C:\Program Files\dotnet\sdk\6.0.402\Extensions\Microsoft.VisualStudio.TestPlatform.Extensions.Trx.TestLogger.dll'.
TpTrace Information: 0 : 6276, 1, 2022/11/11, 02:49:01.593, 7430785869775, vstest.console.dll, AssemblyResolver.OnResolve: Resolved assembly: Microsoft.VisualStudio.TestPlatform.Extensions.Trx.TestLogger, from path: C:\Program Files\dotnet\sdk\6.0.402\Extensions\Microsoft.VisualStudio.TestPlatform.Extensions.Trx.TestLogger.dll
TpTrace Verbose: 0 : 6276, 1, 2022/11/11, 02:49:01.594, 7430785871091, vstest.console.dll, MetadataReaderExtensionsHelper: Discovering extensions inside assembly 'Microsoft.VisualStudio.TestPlatform.Extensions.Trx.TestLogger, Version=15.0.0.0, Culture=neutral, PublicKeyToken=b03f5f7f11d50a3a' file path 'C:\Program Files\dotnet\sdk\6.0.402\Extensions\Microsoft.VisualStudio.TestPlatform.Extensions.Trx.TestLogger.dll'
TpTrace Verbose: 0 : 6276, 1, 2022/11/11, 02:49:01.595, 7430785887321, vstest.console.dll, TestPluginCache: Discovered the extensions using extension path ''.
TpTrace Verbose: 0 : 6276, 1, 2022/11/11, 02:49:01.595, 7430785889158, vstest.console.dll, TestPluginCache: Discoverers are ''.
TpTrace Verbose: 0 : 6276, 1, 2022/11/11, 02:49:01.595, 7430785889720, vstest.console.dll, TestPluginCache: Executors are ''.
TpTrace Verbose: 0 : 6276, 1, 2022/11/11, 02:49:01.595, 7430785890054, vstest.console.dll, TestPluginCache: Executors2 are ''.
TpTrace Verbose: 0 : 6276, 1, 2022/11/11, 02:49:01.595, 7430785890374, vstest.console.dll, TestPluginCache: Setting providers are ''.
TpTrace Verbose: 0 : 6276, 1, 2022/11/11, 02:49:01.595, 7430785890688, vstest.console.dll, TestPluginCache: Loggers are ''.
TpTrace Verbose: 0 : 6276, 1, 2022/11/11, 02:49:01.596, 7430785892563, vstest.console.dll, TestPluginCache: TestHosts are 'HostProvider://DefaultTestHost,HostProvider://DotnetTestHost'.
TpTrace Verbose: 0 : 6276, 1, 2022/11/11, 02:49:01.596, 7430785893035, vstest.console.dll, TestPluginCache: DataCollectors are ''.
TpTrace Information: 0 : 6276, 1, 2022/11/11, 02:49:01.609, 7430786029891, vstest.console.dll, RunTestsArgumentProcessor:Execute: Test run is starting.
TpTrace Verbose: 0 : 6276, 1, 2022/11/11, 02:49:01.610, 7430786031258, vstest.console.dll, RunTestsArgumentProcessor:Execute: Queuing Test run.
TpTrace Information: 0 : 6276, 1, 2022/11/11, 02:49:01.610, 7430786036309, vstest.console.dll, TestRequestManager.RunTests: run tests started.
TpTrace Information: 0 : 6276, 1, 2022/11/11, 02:49:01.612, 7430786053942, vstest.console.dll, AssemblyMetadataProvider.GetFrameworkName: Determined framework:'.NETCoreApp,Version=v6.0' for source: 'D:\zzzAllFiles\Programming\Assessments\MoneyMe\moneyme-api\MoneyMeTests\bin\Debug\net6.0\fine-code-coverage\build-output\MoneyMeTests.dll'
TpTrace Information: 0 : 6276, 1, 2022/11/11, 02:49:01.612, 7430786056945, vstest.console.dll, Determined framework for all sources: .NETCoreApp,Version=v6.0
TpTrace Verbose: 0 : 6276, 1, 2022/11/11, 02:49:01.613, 7430786063381, vstest.console.dll, TestRequestManager.UpdateRunSettingsIfRequired: Default architecture: X64 IsDefaultTargetArchitecture: True, Current process architecture: X64 OperatingSystem: Windows.
TpTrace Information: 0 : 6276, 1, 2022/11/11, 02:49:01.616, 7430786091457, vstest.console.dll, AssemblyMetadataProvider.GetArchitecture: Determined architecture:AnyCPU info for assembly: D:\zzzAllFiles\Programming\Assessments\MoneyMe\moneyme-api\MoneyMeTests\bin\Debug\net6.0\fine-code-coverage\build-output\MoneyMeTests.dll
TpTrace Information: 0 : 6276, 1, 2022/11/11, 02:49:01.616, 7430786092532, vstest.console.dll, Determined platform for source 'D:\zzzAllFiles\Programming\Assessments\MoneyMe\moneyme-api\MoneyMeTests\bin\Debug\net6.0\fine-code-coverage\build-output\MoneyMeTests.dll' was AnyCPU and it will use the default plaform X64.
TpTrace Information: 0 : 6276, 1, 2022/11/11, 02:49:01.616, 7430786092939, vstest.console.dll, None of the sources provided any runnable platform, using the default platform: X64
TpTrace Information: 0 : 6276, 1, 2022/11/11, 02:49:01.616, 7430786094072, vstest.console.dll, Platform was updated to 'X64'.
TpTrace Information: 0 : 6276, 1, 2022/11/11, 02:49:01.620, 7430786136136, vstest.console.dll, InferRunSettingsHelper.IsTestSettingsEnabled: Unable to navigate to RunSettings/MSTest. Current node: RunSettings
TpTrace Information: 0 : 6276, 1, 2022/11/11, 02:49:01.621, 7430786144252, vstest.console.dll, AssemblyResolver.OnResolve: Microsoft.VisualStudio.TestPlatform.Fakes: Resolving assembly.
TpTrace Information: 0 : 6276, 1, 2022/11/11, 02:49:01.621, 7430786145153, vstest.console.dll, AssemblyResolver.OnResolve: Microsoft.VisualStudio.TestPlatform.Fakes: Searching in: 'C:\Program Files\dotnet\sdk\6.0.402\Extensions'.
TpTrace Information: 0 : 6276, 1, 2022/11/11, 02:49:01.621, 7430786146622, vstest.console.dll, AssemblyResolver.OnResolve: Microsoft.VisualStudio.TestPlatform.Fakes: Assembly path does not exist: 'C:\Program Files\dotnet\sdk\6.0.402\Extensions\Microsoft.VisualStudio.TestPlatform.Fakes.dll', returning.
TpTrace Information: 0 : 6276, 1, 2022/11/11, 02:49:01.621, 7430786147520, vstest.console.dll, AssemblyResolver.OnResolve: Microsoft.VisualStudio.TestPlatform.Fakes: Assembly path does not exist: 'C:\Program Files\dotnet\sdk\6.0.402\Extensions\Microsoft.VisualStudio.TestPlatform.Fakes.exe', returning.
TpTrace Information: 0 : 6276, 1, 2022/11/11, 02:49:01.621, 7430786147927, vstest.console.dll, AssemblyResolver.OnResolve: Microsoft.VisualStudio.TestPlatform.Fakes: Searching in: 'C:\Program Files\dotnet\sdk\6.0.402'.
TpTrace Information: 0 : 6276, 1, 2022/11/11, 02:49:01.621, 7430786148726, vstest.console.dll, AssemblyResolver.OnResolve: Microsoft.VisualStudio.TestPlatform.Fakes: Assembly path does not exist: 'C:\Program Files\dotnet\sdk\6.0.402\Microsoft.VisualStudio.TestPlatform.Fakes.dll', returning.
TpTrace Information: 0 : 6276, 1, 2022/11/11, 02:49:01.621, 7430786149569, vstest.console.dll, AssemblyResolver.OnResolve: Microsoft.VisualStudio.TestPlatform.Fakes: Assembly path does not exist: 'C:\Program Files\dotnet\sdk\6.0.402\Microsoft.VisualStudio.TestPlatform.Fakes.exe', returning.
TpTrace Information: 0 : 6276, 1, 2022/11/11, 02:49:01.621, 7430786149958, vstest.console.dll, AssemblyResolver.OnResolve: Microsoft.VisualStudio.TestPlatform.Fakes: Failed to load assembly.
TpTrace Information: 0 : 6276, 1, 2022/11/11, 02:49:01.622, 7430786153118, vstest.console.dll, Failed to load assembly Microsoft.VisualStudio.TestPlatform.Fakes, Version=17.0.0.0, Culture=neutral. Reason:System.IO.FileNotFoundException: Could not load file or assembly 'Microsoft.VisualStudio.TestPlatform.Fakes, Version=17.0.0.0, Culture=neutral, PublicKeyToken=null'. The system cannot find the file specified.
File name: 'Microsoft.VisualStudio.TestPlatform.Fakes, Version=17.0.0.0, Culture=neutral, PublicKeyToken=null'
   at System.Reflection.RuntimeAssembly.InternalLoad(ObjectHandleOnStack assemblyName, ObjectHandleOnStack requestingAssembly, StackCrawlMarkHandle stackMark, Boolean throwOnFileNotFound, ObjectHandleOnStack assemblyLoadContext, ObjectHandleOnStack retAssembly)
   at System.Reflection.RuntimeAssembly.InternalLoad(AssemblyName assemblyName, RuntimeAssembly requestingAssembly, StackCrawlMark& stackMark, Boolean throwOnFileNotFound, AssemblyLoadContext assemblyLoadContext)
   at System.Reflection.Assembly.Load(AssemblyName assemblyRef)
   at Microsoft.VisualStudio.TestPlatform.Common.Utilities.FakesUtilities.LoadTestPlatformAssembly()
TpTrace Verbose: 0 : 6276, 1, 2022/11/11, 02:49:01.628, 7430786217288, vstest.console.dll, TestPluginCache.DiscoverTestExtensions: finding test extensions in assemblies ends with: TestLogger.dll TPluginInfo: Microsoft.VisualStudio.TestPlatform.Common.ExtensionFramework.Utilities.TestLoggerPluginInformation TExtension: Microsoft.VisualStudio.TestPlatform.ObjectModel.Client.ITestLogger
TpTrace Verbose: 0 : 6276, 1, 2022/11/11, 02:49:01.628, 7430786219310, vstest.console.dll, TestPluginCache.GetExtensionPaths: Filtered extension paths: 
TpTrace Verbose: 0 : 6276, 1, 2022/11/11, 02:49:01.628, 7430786220293, vstest.console.dll, TestPluginCache.GetExtensionPaths: Added default extension paths: C:\Program Files\dotnet\sdk\6.0.402\Extensions\Microsoft.Diagnostics.NETCore.Client.dll
C:\Program Files\dotnet\sdk\6.0.402\Extensions\Microsoft.TestPlatform.Extensions.BlameDataCollector.dll
C:\Program Files\dotnet\sdk\6.0.402\Extensions\Microsoft.TestPlatform.Extensions.EventLogCollector.dll
C:\Program Files\dotnet\sdk\6.0.402\Extensions\Microsoft.TestPlatform.TestHostRuntimeProvider.dll
C:\Program Files\dotnet\sdk\6.0.402\Extensions\Microsoft.VisualStudio.TestPlatform.Extensions.Html.TestLogger.dll
C:\Program Files\dotnet\sdk\6.0.402\Extensions\Microsoft.VisualStudio.TestPlatform.Extensions.Trx.TestLogger.dll
TpTrace Verbose: 0 : 6276, 1, 2022/11/11, 02:49:01.628, 7430786221003, vstest.console.dll, TestPluginCache.GetExtensionPaths: Added unfilterableExtensionPaths: 
TpTrace Information: 0 : 6276, 1, 2022/11/11, 02:49:01.629, 7430786223807, vstest.console.dll, AssemblyResolver.AddSearchDirectories: Adding more searchDirectories C:\Program Files\dotnet\sdk\6.0.402\Extensions,C:\Program Files\dotnet\sdk\6.0.402
TpTrace Verbose: 0 : 6276, 1, 2022/11/11, 02:49:01.629, 7430786224961, vstest.console.dll, TestPluginCache.DiscoverTestExtensions: Discovering the extensions using extension path.
TpTrace Verbose: 0 : 6276, 1, 2022/11/11, 02:49:01.629, 7430786225659, vstest.console.dll, TestPluginCache.GetExtensionPaths: Filtered extension paths: 
TpTrace Verbose: 0 : 6276, 1, 2022/11/11, 02:49:01.629, 7430786226088, vstest.console.dll, TestPluginCache.GetExtensionPaths: Added default extension paths: C:\Program Files\dotnet\sdk\6.0.402\Extensions\Microsoft.Diagnostics.NETCore.Client.dll
C:\Program Files\dotnet\sdk\6.0.402\Extensions\Microsoft.TestPlatform.Extensions.BlameDataCollector.dll
C:\Program Files\dotnet\sdk\6.0.402\Extensions\Microsoft.TestPlatform.Extensions.EventLogCollector.dll
C:\Program Files\dotnet\sdk\6.0.402\Extensions\Microsoft.TestPlatform.TestHostRuntimeProvider.dll
C:\Program Files\dotnet\sdk\6.0.402\Extensions\Microsoft.VisualStudio.TestPlatform.Extensions.Html.TestLogger.dll
C:\Program Files\dotnet\sdk\6.0.402\Extensions\Microsoft.VisualStudio.TestPlatform.Extensions.Trx.TestLogger.dll
TpTrace Verbose: 0 : 6276, 1, 2022/11/11, 02:49:01.629, 7430786226494, vstest.console.dll, TestPluginCache.GetExtensionPaths: Added unfilterableExtensionPaths: 
TpTrace Verbose: 0 : 6276, 1, 2022/11/11, 02:49:01.629, 7430786227713, vstest.console.dll, TestPluginCache.DiscoverTestExtensions: Discovering the extensions using allExtensionPaths: C:\Program Files\dotnet\sdk\6.0.402\Extensions\Microsoft.Diagnostics.NETCore.Client.dll
C:\Program Files\dotnet\sdk\6.0.402\Extensions\Microsoft.TestPlatform.Extensions.BlameDataCollector.dll
C:\Program Files\dotnet\sdk\6.0.402\Extensions\Microsoft.TestPlatform.Extensions.EventLogCollector.dll
C:\Program Files\dotnet\sdk\6.0.402\Extensions\Microsoft.TestPlatform.TestHostRuntimeProvider.dll
C:\Program Files\dotnet\sdk\6.0.402\Extensions\Microsoft.VisualStudio.TestPlatform.Extensions.Html.TestLogger.dll
C:\Program Files\dotnet\sdk\6.0.402\Extensions\Microsoft.VisualStudio.TestPlatform.Extensions.Trx.TestLogger.dll
TpTrace Information: 0 : 6276, 1, 2022/11/11, 02:49:01.629, 7430786228543, vstest.console.dll, AssemblyResolver.AddSearchDirectories: Adding more searchDirectories C:\Program Files\dotnet\sdk\6.0.402\Extensions,C:\Program Files\dotnet\sdk\6.0.402
TpTrace Information: 0 : 6276, 1, 2022/11/11, 02:49:01.629, 7430786228999, vstest.console.dll, AssemblyResolver.AddSearchDirectories: Adding more searchDirectories C:\Program Files\dotnet\sdk\6.0.402\Extensions,C:\Program Files\dotnet\sdk\6.0.402
TpTrace Information: 0 : 6276, 1, 2022/11/11, 02:49:01.629, 7430786229402, vstest.console.dll, AssemblyResolver.AddSearchDirectories: Adding more searchDirectories C:\Program Files\dotnet\sdk\6.0.402\Extensions,C:\Program Files\dotnet\sdk\6.0.402
TpTrace Information: 0 : 6276, 1, 2022/11/11, 02:49:01.629, 7430786229788, vstest.console.dll, AssemblyResolver.AddSearchDirectories: Adding more searchDirectories C:\Program Files\dotnet\sdk\6.0.402\Extensions,C:\Program Files\dotnet\sdk\6.0.402
TpTrace Information: 0 : 6276, 1, 2022/11/11, 02:49:01.629, 7430786230174, vstest.console.dll, AssemblyResolver.AddSearchDirectories: Adding more searchDirectories C:\Program Files\dotnet\sdk\6.0.402\Extensions,C:\Program Files\dotnet\sdk\6.0.402
TpTrace Information: 0 : 6276, 1, 2022/11/11, 02:49:01.629, 7430786230569, vstest.console.dll, AssemblyResolver.AddSearchDirectories: Adding more searchDirectories C:\Program Files\dotnet\sdk\6.0.402\Extensions,C:\Program Files\dotnet\sdk\6.0.402
TpTrace Verbose: 0 : 6276, 1, 2022/11/11, 02:49:01.630, 7430786232370, vstest.console.dll, MetadataReaderExtensionsHelper: Discovering extensions inside assembly 'Microsoft.Diagnostics.NETCore.Client, Version=0.2.5.801, Culture=neutral, PublicKeyToken=31bf3856ad364e35' file path 'C:\Program Files\dotnet\sdk\6.0.402\Extensions\Microsoft.Diagnostics.NETCore.Client.dll'
TpTrace Information: 0 : 6276, 1, 2022/11/11, 02:49:01.631, 7430786242086, vstest.console.dll, AssemblyResolver.OnResolve: Microsoft.Bcl.AsyncInterfaces: Resolving assembly.
TpTrace Information: 0 : 6276, 1, 2022/11/11, 02:49:01.631, 7430786243299, vstest.console.dll, AssemblyResolver.OnResolve: Microsoft.Bcl.AsyncInterfaces: Resolved from cache.
TpTrace Verbose: 0 : 6276, 1, 2022/11/11, 02:49:01.631, 7430786243750, vstest.console.dll, CurrentDomainAssemblyResolve: Resolving assembly 'Microsoft.Bcl.AsyncInterfaces'.
TpTrace Information: 0 : 6276, 1, 2022/11/11, 02:49:01.631, 7430786244388, vstest.console.dll, AssemblyResolver.OnResolve: Microsoft.Bcl.AsyncInterfaces: Resolving assembly.
TpTrace Information: 0 : 6276, 1, 2022/11/11, 02:49:01.631, 7430786244781, vstest.console.dll, AssemblyResolver.OnResolve: Microsoft.Bcl.AsyncInterfaces: Resolved from cache.
TpTrace Verbose: 0 : 6276, 1, 2022/11/11, 02:49:01.631, 7430786245162, vstest.console.dll, CurrentDomainAssemblyResolve: Resolving assembly 'Microsoft.Bcl.AsyncInterfaces'.
TpTrace Verbose: 0 : 6276, 1, 2022/11/11, 02:49:01.631, 7430786245515, vstest.console.dll, CurrentDomainAssemblyResolve: Failed to resolve assembly 'Microsoft.Bcl.AsyncInterfaces'.
TpTrace Verbose: 0 : 6276, 1, 2022/11/11, 02:49:01.631, 7430786247294, vstest.console.dll, CurrentDomainAssemblyResolve: Failed to resolve assembly 'Microsoft.Bcl.AsyncInterfaces'.
TpTrace Warning: 0 : 6276, 1, 2022/11/11, 02:49:01.632, 7430786253081, vstest.console.dll, TestPluginDiscoverer: Failed to get types from assembly 'Microsoft.Diagnostics.NETCore.Client, Version=0.2.5.801, Culture=neutral, PublicKeyToken=31bf3856ad364e35'. Error: System.Reflection.ReflectionTypeLoadException: Unable to load one or more of the requested types.
Could not load file or assembly 'Microsoft.Bcl.AsyncInterfaces, Version=1.0.0.0, Culture=neutral, PublicKeyToken=cc7b13ffcd2ddd51'. The system cannot find the file specified.
   at System.Reflection.RuntimeModule.GetTypes(RuntimeModule module)
   at System.Reflection.Assembly.GetTypes()
   at Microsoft.VisualStudio.TestPlatform.Common.ExtensionFramework.TestPluginDiscoverer.GetTestExtensionsFromAssembly[TPluginInfo,TExtension](Assembly assembly, Dictionary`2 pluginInfos, String filePath)
System.IO.FileNotFoundException: Could not load file or assembly 'Microsoft.Bcl.AsyncInterfaces, Version=1.0.0.0, Culture=neutral, PublicKeyToken=cc7b13ffcd2ddd51'. The system cannot find the file specified.
File name: 'Microsoft.Bcl.AsyncInterfaces, Version=1.0.0.0, Culture=neutral, PublicKeyToken=cc7b13ffcd2ddd51'
 ---> System.IO.FileNotFoundException: Could not load file or assembly 'Microsoft.Bcl.AsyncInterfaces, Culture=neutral, PublicKeyToken=null'. The system cannot find the file specified.
File name: 'Microsoft.Bcl.AsyncInterfaces, Culture=neutral, PublicKeyToken=null'
   at System.Reflection.RuntimeAssembly.InternalLoad(ObjectHandleOnStack assemblyName, ObjectHandleOnStack requestingAssembly, StackCrawlMarkHandle stackMark, Boolean throwOnFileNotFound, ObjectHandleOnStack assemblyLoadContext, ObjectHandleOnStack retAssembly)
   at System.Reflection.RuntimeAssembly.InternalLoad(AssemblyName assemblyName, RuntimeAssembly requestingAssembly, StackCrawlMark& stackMark, Boolean throwOnFileNotFound, AssemblyLoadContext assemblyLoadContext)
   at System.Reflection.Assembly.Load(AssemblyName assemblyRef)
   at Microsoft.VisualStudio.TestPlatform.Common.ExtensionFramework.TestPluginCache.CurrentDomainAssemblyResolve(Object sender, AssemblyResolveEventArgs args)
   at Microsoft.VisualStudio.TestPlatform.PlatformAbstractions.PlatformAssemblyResolver.AssemblyResolverEvent(Object sender, Object eventArgs)
   at System.Runtime.Loader.AssemblyLoadContext.GetFirstResolvedAssemblyFromResolvingEvent(AssemblyName assemblyName)
   at System.Runtime.Loader.AssemblyLoadContext.ResolveUsingEvent(AssemblyName assemblyName)
   at System.Runtime.Loader.AssemblyLoadContext.ResolveUsingResolvingEvent(IntPtr gchManagedAssemblyLoadContext, AssemblyName assemblyName)
TpTrace Warning: 0 : 6276, 1, 2022/11/11, 02:49:01.632, 7430786255552, vstest.console.dll, LoaderExceptions: System.IO.FileNotFoundException: Could not load file or assembly 'Microsoft.Bcl.AsyncInterfaces, Version=1.0.0.0, Culture=neutral, PublicKeyToken=cc7b13ffcd2ddd51'. The system cannot find the file specified.
File name: 'Microsoft.Bcl.AsyncInterfaces, Version=1.0.0.0, Culture=neutral, PublicKeyToken=cc7b13ffcd2ddd51'
 ---> System.IO.FileNotFoundException: Could not load file or assembly 'Microsoft.Bcl.AsyncInterfaces, Culture=neutral, PublicKeyToken=null'. The system cannot find the file specified.
File name: 'Microsoft.Bcl.AsyncInterfaces, Culture=neutral, PublicKeyToken=null'
   at System.Reflection.RuntimeAssembly.InternalLoad(ObjectHandleOnStack assemblyName, ObjectHandleOnStack requestingAssembly, StackCrawlMarkHandle stackMark, Boolean throwOnFileNotFound, ObjectHandleOnStack assemblyLoadContext, ObjectHandleOnStack retAssembly)
   at System.Reflection.RuntimeAssembly.InternalLoad(AssemblyName assemblyName, RuntimeAssembly requestingAssembly, StackCrawlMark& stackMark, Boolean throwOnFileNotFound, AssemblyLoadContext assemblyLoadContext)
   at System.Reflection.Assembly.Load(AssemblyName assemblyRef)
   at Microsoft.VisualStudio.TestPlatform.Common.ExtensionFramework.TestPluginCache.CurrentDomainAssemblyResolve(Object sender, AssemblyResolveEventArgs args)
   at Microsoft.VisualStudio.TestPlatform.PlatformAbstractions.PlatformAssemblyResolver.AssemblyResolverEvent(Object sender, Object eventArgs)
   at System.Runtime.Loader.AssemblyLoadContext.GetFirstResolvedAssemblyFromResolvingEvent(AssemblyName assemblyName)
   at System.Runtime.Loader.AssemblyLoadContext.ResolveUsingEvent(AssemblyName assemblyName)
   at System.Runtime.Loader.AssemblyLoadContext.ResolveUsingResolvingEvent(IntPtr gchManagedAssemblyLoadContext, AssemblyName assemblyName)
TpTrace Verbose: 0 : 6276, 1, 2022/11/11, 02:49:01.632, 7430786256866, vstest.console.dll, MetadataReaderExtensionsHelper: Discovering extensions inside assembly 'Microsoft.TestPlatform.Extensions.BlameDataCollector, Version=15.0.0.0, Culture=neutral, PublicKeyToken=b03f5f7f11d50a3a' file path 'C:\Program Files\dotnet\sdk\6.0.402\Extensions\Microsoft.TestPlatform.Extensions.BlameDataCollector.dll'
TpTrace Information: 0 : 6276, 1, 2022/11/11, 02:49:01.633, 7430786266937, vstest.console.dll, GetTestExtensionFromType: Register extension with identifier data 'logger://Microsoft/TestPlatform/Extensions/Blame/v1' and type 'Microsoft.TestPlatform.Extensions.BlameDataCollector.BlameLogger, Microsoft.TestPlatform.Extensions.BlameDataCollector, Version=15.0.0.0, Culture=neutral, PublicKeyToken=b03f5f7f11d50a3a' inside file 'C:\Program Files\dotnet\sdk\6.0.402\Extensions\Microsoft.TestPlatform.Extensions.BlameDataCollector.dll'
TpTrace Verbose: 0 : 6276, 1, 2022/11/11, 02:49:01.633, 7430786268309, vstest.console.dll, MetadataReaderExtensionsHelper: Discovering extensions inside assembly 'Microsoft.TestPlatform.Extensions.EventLogCollector, Version=15.0.0.0, Culture=neutral, PublicKeyToken=b03f5f7f11d50a3a' file path 'C:\Program Files\dotnet\sdk\6.0.402\Extensions\Microsoft.TestPlatform.Extensions.EventLogCollector.dll'
TpTrace Verbose: 0 : 6276, 1, 2022/11/11, 02:49:01.634, 7430786277274, vstest.console.dll, MetadataReaderExtensionsHelper: Discovering extensions inside assembly 'Microsoft.TestPlatform.TestHostRuntimeProvider, Version=15.0.0.0, Culture=neutral, PublicKeyToken=b03f5f7f11d50a3a' file path 'C:\Program Files\dotnet\sdk\6.0.402\Extensions\Microsoft.TestPlatform.TestHostRuntimeProvider.dll'
TpTrace Verbose: 0 : 6276, 1, 2022/11/11, 02:49:01.635, 7430786289709, vstest.console.dll, MetadataReaderExtensionsHelper: Discovering extensions inside assembly 'Microsoft.VisualStudio.TestPlatform.Extensions.Html.TestLogger, Version=15.0.0.0, Culture=neutral, PublicKeyToken=b03f5f7f11d50a3a' file path 'C:\Program Files\dotnet\sdk\6.0.402\Extensions\Microsoft.VisualStudio.TestPlatform.Extensions.Html.TestLogger.dll'
TpTrace Information: 0 : 6276, 1, 2022/11/11, 02:49:01.637, 7430786301286, vstest.console.dll, GetTestExtensionFromType: Register extension with identifier data 'logger://Microsoft/TestPlatform/HtmlLogger/v1' and type 'Microsoft.VisualStudio.TestPlatform.Extensions.HtmlLogger.HtmlLogger, Microsoft.VisualStudio.TestPlatform.Extensions.Html.TestLogger, Version=15.0.0.0, Culture=neutral, PublicKeyToken=b03f5f7f11d50a3a' inside file 'C:\Program Files\dotnet\sdk\6.0.402\Extensions\Microsoft.VisualStudio.TestPlatform.Extensions.Html.TestLogger.dll'
TpTrace Verbose: 0 : 6276, 1, 2022/11/11, 02:49:01.637, 7430786303312, vstest.console.dll, MetadataReaderExtensionsHelper: Discovering extensions inside assembly 'Microsoft.VisualStudio.TestPlatform.Extensions.Trx.TestLogger, Version=15.0.0.0, Culture=neutral, PublicKeyToken=b03f5f7f11d50a3a' file path 'C:\Program Files\dotnet\sdk\6.0.402\Extensions\Microsoft.VisualStudio.TestPlatform.Extensions.Trx.TestLogger.dll'
TpTrace Information: 0 : 6276, 1, 2022/11/11, 02:49:01.638, 7430786314740, vstest.console.dll, GetTestExtensionFromType: Register extension with identifier data 'logger://Microsoft/TestPlatform/TrxLogger/v1' and type 'Microsoft.VisualStudio.TestPlatform.Extensions.TrxLogger.TrxLogger, Microsoft.VisualStudio.TestPlatform.Extensions.Trx.TestLogger, Version=15.0.0.0, Culture=neutral, PublicKeyToken=b03f5f7f11d50a3a' inside file 'C:\Program Files\dotnet\sdk\6.0.402\Extensions\Microsoft.VisualStudio.TestPlatform.Extensions.Trx.TestLogger.dll'
TpTrace Verbose: 0 : 6276, 1, 2022/11/11, 02:49:01.638, 7430786316664, vstest.console.dll, TestPluginCache: Discovered the extensions using extension path ''.
TpTrace Verbose: 0 : 6276, 1, 2022/11/11, 02:49:01.638, 7430786317645, vstest.console.dll, TestPluginCache: Discoverers are ''.
TpTrace Verbose: 0 : 6276, 1, 2022/11/11, 02:49:01.638, 7430786318296, vstest.console.dll, TestPluginCache: Executors are ''.
TpTrace Verbose: 0 : 6276, 1, 2022/11/11, 02:49:01.638, 7430786318870, vstest.console.dll, TestPluginCache: Executors2 are ''.
TpTrace Verbose: 0 : 6276, 1, 2022/11/11, 02:49:01.638, 7430786319464, vstest.console.dll, TestPluginCache: Setting providers are ''.
TpTrace Verbose: 0 : 6276, 1, 2022/11/11, 02:49:01.638, 7430786320934, vstest.console.dll, TestPluginCache: Loggers are 'logger://Microsoft/TestPlatform/Extensions/Blame/v1,logger://Microsoft/TestPlatform/HtmlLogger/v1,logger://Microsoft/TestPlatform/TrxLogger/v1'.
TpTrace Verbose: 0 : 6276, 1, 2022/11/11, 02:49:01.639, 7430786321980, vstest.console.dll, TestPluginCache: TestHosts are 'HostProvider://DefaultTestHost,HostProvider://DotnetTestHost'.
TpTrace Verbose: 0 : 6276, 1, 2022/11/11, 02:49:01.639, 7430786322650, vstest.console.dll, TestPluginCache: DataCollectors are ''.
TpTrace Information: 0 : 6276, 1, 2022/11/11, 02:49:01.640, 7430786335305, vstest.console.dll, TestPluginManager.CreateTestExtension: Attempting to load test extension: Microsoft.TestPlatform.Extensions.BlameDataCollector.BlameLogger
TpTrace Verbose: 0 : 6276, 1, 2022/11/11, 02:49:01.649, 7430786421875, vstest.console.dll, TestEngine: Initializing Parallel Execution as MaxCpuCount is set to: 1
TpTrace Information: 0 : 6276, 1, 2022/11/11, 02:49:01.650, 7430786439438, vstest.console.dll, TestPluginManager.CreateTestExtension: Attempting to load test extension: Microsoft.VisualStudio.TestPlatform.CrossPlatEngine.Hosting.DefaultTestHostManager
TpTrace Information: 0 : 6276, 1, 2022/11/11, 02:49:01.651, 7430786450167, vstest.console.dll, TestPluginManager.CreateTestExtension: Attempting to load test extension: Microsoft.VisualStudio.TestPlatform.CrossPlatEngine.Hosting.DotnetTestHostManager
TpTrace Information: 0 : 6276, 1, 2022/11/11, 02:49:01.652, 7430786457155, vstest.console.dll, InferRunSettingsHelper.IsTestSettingsEnabled: Unable to navigate to RunSettings/MSTest. Current node: RunSettings
TpTrace Verbose: 0 : 6276, 1, 2022/11/11, 02:49:01.659, 7430786521831, vstest.console.dll, TestEngine.GetExecutionManager: Chosen execution manager 'Microsoft.VisualStudio.TestPlatform.CrossPlatEngine.Client.Parallel.ParallelProxyExecutionManager, Microsoft.TestPlatform.CrossPlatEngine, Version=15.0.0.0, Culture=neutral, PublicKeyToken=b03f5f7f11d50a3a' ParallelLevel '1'.
TpTrace Verbose: 0 : 6276, 1, 2022/11/11, 02:49:01.659, 7430786524009, vstest.console.dll, TestRunRequest.ExecuteAsync: Creating test run request.
TpTrace Verbose: 0 : 6276, 1, 2022/11/11, 02:49:01.659, 7430786527734, vstest.console.dll, TestRunRequest.ExecuteAsync: Starting.
TpTrace Information: 0 : 6276, 1, 2022/11/11, 02:49:01.660, 7430786531921, vstest.console.dll, TestRunRequest.ExecuteAsync: Starting run with settings:TestRunCriteria:
   KeepAlive=False,FrequencyOfRunStatsChangeEvent=10,RunStatsChangeEventTimeout=00:00:01.5000000,TestCaseFilter=,TestExecutorLauncher=
   Settingsxml=<RunSettings>
  <RunConfiguration>
    <ResultsDirectory>D:\zzzAllFiles\Programming\Assessments\MoneyMe\moneyme-api\MoneyMeTests\bin\Debug\net6.0\fine-code-coverage\coverage-tool-output</ResultsDirectory>
    <TargetPlatform>X64</TargetPlatform>
    <TargetFrameworkVersion>.NETCoreApp,Version=v6.0</TargetFrameworkVersion>
    <DesignMode>False</DesignMode>
    <CollectSourceInformation>False</CollectSourceInformation>
  </RunConfiguration>
  <LoggerRunSettings>
    <Loggers>
      <Logger friendlyName="blame" enabled="True" />
      <Logger friendlyName="Console" uri="logger://microsoft/TestPlatform/ConsoleLogger/v1" assemblyQualifiedName="Microsoft.VisualStudio.TestPlatform.CommandLine.Internal.ConsoleLogger, vstest.console, Version=15.0.0.0, Culture=neutral, PublicKeyToken=b03f5f7f11d50a3a" codeBase="C:\Program Files\dotnet\sdk\6.0.402\vstest.console.dll" enabled="True" />
    </Loggers>
  </LoggerRunSettings>
  <DataCollectionRunSettings>
    <DataCollectors>
      <DataCollector friendlyName="blame" enabled="True">
        <Configuration>
          <ResultsDirectory>D:\zzzAllFiles\Programming\Assessments\MoneyMe\moneyme-api\MoneyMeTests\bin\Debug\net6.0\fine-code-coverage\coverage-tool-output</ResultsDirectory>
        </Configuration>
      </DataCollector>
    </DataCollectors>
  </DataCollectionRunSettings>
</RunSettings>

TpTrace Verbose: 0 : 6276, 1, 2022/11/11, 02:49:01.660, 7430786532782, vstest.console.dll, TestRunRequest.ExecuteAsync: Wait for the first run request is over.
TpTrace Verbose: 0 : 6276, 1, 2022/11/11, 02:49:01.660, 7430786536721, vstest.console.dll, MulticastDelegateUtilities.SafeInvoke: TestRun.TestRunStart: Invoking callbacks was skipped because there are no subscribers.
TpTrace Verbose: 0 : 6276, 4, 2022/11/11, 02:49:01.660, 7430786540109, vstest.console.dll, MulticastDelegateUtilities.SafeInvoke: InternalTestLoggerEvents.SendTestRunStart: Invoking callback 1/1 for Microsoft.VisualStudio.TestPlatform.CommandLine.Internal.ConsoleLogger.TestRunStartHandler, took 0 ms.
TpTrace Verbose: 0 : 6276, 1, 2022/11/11, 02:49:01.662, 7430786551361, vstest.console.dll, ParallelProxyExecutionManager: Start execution. Total sources: 1
TpTrace Verbose: 0 : 6276, 1, 2022/11/11, 02:49:01.663, 7430786569379, vstest.console.dll, TestRequestSender is acting as server.
TpTrace Verbose: 0 : 6276, 1, 2022/11/11, 02:49:01.665, 7430786584870, vstest.console.dll, DataCollectionRequestSender.InitializeCommunication : Initialize communication. 
TpTrace Information: 0 : 6276, 1, 2022/11/11, 02:49:01.673, 7430786665120, vstest.console.dll, Listening on Endpoint : 127.0.0.1:59290
TpTrace Verbose: 0 : 6276, 1, 2022/11/11, 02:49:01.682, 7430786751576, vstest.console.dll, DotnetDataCollectionLauncher: Adding  --runtimeconfig "C:\Program Files\dotnet\sdk\6.0.402\datacollector.runtimeconfig.json" in args
TpTrace Verbose: 0 : 6276, 1, 2022/11/11, 02:49:01.682, 7430786753065, vstest.console.dll, DotnetDataCollectionLauncher: Adding  --depsfile "C:\Program Files\dotnet\sdk\6.0.402\datacollector.deps.json" in args
TpTrace Verbose: 0 : 6276, 1, 2022/11/11, 02:49:01.682, 7430786756428, vstest.console.dll, DotnetDataCollectionLauncher: Full path of dotnet.exe is C:\Program Files\dotnet\dotnet.exe
TpTrace Information: 0 : 6276, 1, 2022/11/11, 02:49:01.694, 7430786878989, vstest.console.dll, ProxyDataCollectionManager.Initialize: Launched datacollector processId: 9272 port: 59290
TpTrace Information: 0 : 6276, 1, 2022/11/11, 02:49:01.695, 7430786881133, vstest.console.dll, ProxyDataCollectionManager.Initialize: waiting for connection with timeout: 90 seconds
TpTrace Verbose: 0 : 6276, 1, 2022/11/11, 02:49:01.695, 7430786883117, vstest.console.dll, DataCollectionRequestSender.WaitForRequestHandlerConnection : Waiting for connection with timeout: 90000
TpTrace Information: 0 : 6276, 5, 2022/11/11, 02:49:01.875, 7430788689442, vstest.console.dll, Using the buffer size of 16384 bytes
TpTrace Verbose: 0 : 6276, 1, 2022/11/11, 02:49:01.875, 7430788689684, vstest.console.dll, SocketCommunicationManager.WaitForClientConnection took: 180 ms, with 90000 ms timeout, and finished with True.
TpTrace Information: 0 : 6276, 5, 2022/11/11, 02:49:01.876, 7430788691159, vstest.console.dll, Accepted Client request and set the flag
TpTrace Verbose: 0 : 6276, 1, 2022/11/11, 02:49:01.876, 7430788693001, vstest.console.dll, ProxyDataCollectionManager.InvokeDataCollectionServiceAction: Starting.
TpTrace Information: 0 : 6276, 1, 2022/11/11, 02:49:01.876, 7430788694359, vstest.console.dll, ProxyDataCollectionManager.BeforeTestRunStart: Get environment variable and port for datacollector processId: 9272 port: 59290
TpTrace Verbose: 0 : 6276, 1, 2022/11/11, 02:49:01.876, 7430788696300, vstest.console.dll, DataCollectionRequestSender.SendBeforeTestRunStartAndGetResult: Send BeforeTestRunStart message with settingsXml <RunSettings><RunConfiguration><ResultsDirectory>D:\zzzAllFiles\Programming\Assessments\MoneyMe\moneyme-api\MoneyMeTests\bin\Debug\net6.0\fine-code-coverage\coverage-tool-output</ResultsDirectory><TargetPlatform>X64</TargetPlatform><TargetFrameworkVersion>.NETCoreApp,Version=v6.0</TargetFrameworkVersion><DesignMode>False</DesignMode><CollectSourceInformation>False</CollectSourceInformation><TestAdaptersPaths>C:\Program Files\dotnet\sdk\6.0.402\Extensions</TestAdaptersPaths></RunConfiguration><LoggerRunSettings><Loggers><Logger friendlyName="blame" enabled="True" /><Logger friendlyName="Console" uri="logger://microsoft/TestPlatform/ConsoleLogger/v1" assemblyQualifiedName="Microsoft.VisualStudio.TestPlatform.CommandLine.Internal.ConsoleLogger, vstest.console, Version=15.0.0.0, Culture=neutral, PublicKeyToken=b03f5f7f11d50a3a" codeBase="C:\Program Files\dotnet\sdk\6.0.402\vstest.console.dll" enabled="True" /></Loggers></LoggerRunSettings><DataCollectionRunSettings><DataCollectors><DataCollector friendlyName="blame" enabled="True"><Configuration><ResultsDirectory>D:\zzzAllFiles\Programming\Assessments\MoneyMe\moneyme-api\MoneyMeTests\bin\Debug\net6.0\fine-code-coverage\coverage-tool-output</ResultsDirectory></Configuration></DataCollector></DataCollectors></DataCollectionRunSettings></RunSettings> and sources System.Collections.Generic.List`1[System.String]: 
TpTrace Verbose: 0 : 6276, 1, 2022/11/11, 02:49:01.958, 7430789515191, vstest.console.dll, DataCollectionRequestSender.SendBeforeTestRunStartAndGetResult: Received message: (DataCollection.SendMessage) -> {"MessageType":"DataCollection.SendMessage","Payload":{"FriendlyName":null,"Uri":null,"TestCaseId":"00000000-0000-0000-0000-000000000000","Message":"Logging DataCollector Diagnostics in file: D:\\zzzAllFiles\\Programming\\Assessments\\MoneyMe\\moneyme-api\\MoneyMeTests\\bin\\Debug\\net6.0\\fine-code-coverage\\coverage-tool-output\\diagnostics.datacollector.22-11-11_02-49-01_68175_1.log","Level":0}}
TpTrace Verbose: 0 : 6276, 1, 2022/11/11, 02:49:02.087, 7430790809796, vstest.console.dll, DataCollectionRequestSender.SendBeforeTestRunStartAndGetResult: Received message: (DataCollection.BeforeTestRunStartResult) -> {"MessageType":"DataCollection.BeforeTestRunStartResult","Payload":{"EnvironmentVariables":{},"DataCollectionEventsPort":59292}}
TpTrace Information: 0 : 6276, 1, 2022/11/11, 02:49:02.096, 7430790893474, vstest.console.dll, ProxyDataCollectionManager.BeforeTestRunStart: SendBeforeTestRunStartAndGetResult successful, env variable from datacollector:   and testhost port: 59292
TpTrace Information: 0 : 6276, 1, 2022/11/11, 02:49:02.096, 7430790895148, vstest.console.dll, ProxyDataCollectionManager.InvokeDataCollectionServiceAction: Completed.
TpTrace Verbose: 0 : 6276, 7, 2022/11/11, 02:49:02.096, 7430790897861, vstest.console.dll, ParallelProxyExecutionManager: Execution started. Started clients: 1
TpTrace Verbose: 0 : 6276, 1, 2022/11/11, 02:49:02.096, 7430790898690, vstest.console.dll, ProxyParallelExecutionManager: No sources available for execution.
TpTrace Information: 0 : 6276, 1, 2022/11/11, 02:49:02.096, 7430790899907, vstest.console.dll, TestRunRequest.ExecuteAsync: Started.
TpTrace Verbose: 0 : 6276, 1, 2022/11/11, 02:49:02.097, 7430790901270, vstest.console.dll, TestRunRequest.WaitForCompletion: Waiting with timeout -1.
TpTrace Verbose: 0 : 6276, 7, 2022/11/11, 02:49:02.097, 7430790901829, vstest.console.dll, TestRunRequest:SendTestRunMessage: Starting.
TpTrace Verbose: 0 : 6276, 7, 2022/11/11, 02:49:02.097, 7430790904126, vstest.console.dll, MulticastDelegateUtilities.SafeInvoke: TestRun.LogMessages: Invoking callback 1/1 for Microsoft.VisualStudio.TestPlatform.CommandLine.TestRunResultAggregator.TestRunMessageHandler, took 0 ms.
TpTrace Verbose: 0 : 6276, 4, 2022/11/11, 02:49:02.097, 7430790904163, vstest.console.dll, MulticastDelegateUtilities.SafeInvoke: InternalTestLoggerEvents.SendTestRunMessage: Invoking callback 1/1 for Microsoft.VisualStudio.TestPlatform.CommandLine.Internal.ConsoleLogger.TestMessageHandler, took 0 ms.
TpTrace Information: 0 : 6276, 7, 2022/11/11, 02:49:02.097, 7430790904810, vstest.console.dll, TestRunRequest:SendTestRunMessage: Completed.
TpTrace Verbose: 0 : 6276, 7, 2022/11/11, 02:49:02.097, 7430790908564, vstest.console.dll, ProxyExecutionManager: Test host is always Lazy initialize.
TpTrace Verbose: 0 : 6276, 7, 2022/11/11, 02:49:02.098, 7430790912802, vstest.console.dll, TestRequestSender.InitializeCommunication: initialize communication. 
TpTrace Information: 0 : 6276, 7, 2022/11/11, 02:49:02.098, 7430790919571, vstest.console.dll, SocketServer.Start: Listening on endpoint : 127.0.0.1:59293
TpTrace Verbose: 0 : 6276, 7, 2022/11/11, 02:49:02.099, 7430790930089, vstest.console.dll, DotnetTestHostmanager.GetTestHostProcessStartInfo: Platform environment 'X64' target architecture 'X64' framework '.NETCoreApp,Version=v6.0' OS 'Windows'
TpTrace Verbose: 0 : 6276, 7, 2022/11/11, 02:49:02.100, 7430790933308, vstest.console.dll, DotnetTestHostmanager: Adding  --runtimeconfig "D:\zzzAllFiles\Programming\Assessments\MoneyMe\moneyme-api\MoneyMeTests\bin\Debug\net6.0\fine-code-coverage\build-output\MoneyMeTests.runtimeconfig.json" in args
TpTrace Verbose: 0 : 6276, 7, 2022/11/11, 02:49:02.100, 7430790934780, vstest.console.dll, DotnetTestHostmanager: Adding  --depsfile "D:\zzzAllFiles\Programming\Assessments\MoneyMe\moneyme-api\MoneyMeTests\bin\Debug\net6.0\fine-code-coverage\build-output\MoneyMeTests.deps.json" in args
TpTrace Verbose: 0 : 6276, 7, 2022/11/11, 02:49:02.100, 7430790940278, vstest.console.dll, DotnetTestHostmanager.IsWinOnArm: Current PROCESSOR_ARCHITECTURE from environment variable 'AMD64'
TpTrace Verbose: 0 : 6276, 7, 2022/11/11, 02:49:02.101, 7430790941388, vstest.console.dll, DotnetTestHostmanager.IsWinOnArm: Is Windows on ARM 'False'
TpTrace Verbose: 0 : 6276, 7, 2022/11/11, 02:49:02.101, 7430790942537, vstest.console.dll, DotnetTestHostManager: testhost.exe found at path: D:\zzzAllFiles\Programming\Assessments\MoneyMe\moneyme-api\MoneyMeTests\bin\Debug\net6.0\fine-code-coverage\build-output\testhost.exe
TpTrace Verbose: 0 : 6276, 7, 2022/11/11, 02:49:02.101, 7430790943068, vstest.console.dll, DotnetTestHostmanager: Full path of host exe is D:\zzzAllFiles\Programming\Assessments\MoneyMe\moneyme-api\MoneyMeTests\bin\Debug\net6.0\fine-code-coverage\build-output\testhost.exe
TpTrace Verbose: 0 : 6276, 7, 2022/11/11, 02:49:02.101, 7430790944535, vstest.console.dll, DotnetTestHostmanager.LaunchTestHostAsync: Found 'VSTEST_WINAPPHOST_DOTNET_ROOT' in env variables, value 'C:\Program Files\dotnet', forwarding to 'DOTNET_ROOT'
TpTrace Verbose: 0 : 6276, 7, 2022/11/11, 02:49:02.101, 7430790947302, vstest.console.dll, DotnetTestHostManager: Starting process 'D:\zzzAllFiles\Programming\Assessments\MoneyMe\moneyme-api\MoneyMeTests\bin\Debug\net6.0\fine-code-coverage\build-output\testhost.exe' with command line ' --runtimeconfig "D:\zzzAllFiles\Programming\Assessments\MoneyMe\moneyme-api\MoneyMeTests\bin\Debug\net6.0\fine-code-coverage\build-output\MoneyMeTests.runtimeconfig.json" --depsfile "D:\zzzAllFiles\Programming\Assessments\MoneyMe\moneyme-api\MoneyMeTests\bin\Debug\net6.0\fine-code-coverage\build-output\MoneyMeTests.deps.json" --port 59293 --endpoint 127.0.0.1:059293 --role client --parentprocessid 6276 --diag "D:\zzzAllFiles\Programming\Assessments\MoneyMe\moneyme-api\MoneyMeTests\bin\Debug\net6.0\fine-code-coverage\coverage-tool-output\diagnostics.host.22-11-11_02-49-02_09951_7.log" --tracelevel 4 --datacollectionport 59292 --telemetryoptedin false'
TpTrace Verbose: 0 : 6276, 7, 2022/11/11, 02:49:02.109, 7430791022046, vstest.console.dll, MulticastDelegateUtilities.SafeInvoke: HostProviderEvents.OnHostLaunched: Invoking callback 1/2 for Microsoft.VisualStudio.TestPlatform.CrossPlatEngine.Client.ProxyExecutionManagerWithDataCollection.TestHostLaunchedHandler, took 1 ms.
TpTrace Verbose: 0 : 6276, 7, 2022/11/11, 02:49:02.109, 7430791023879, vstest.console.dll, Test Runtime launched
TpTrace Verbose: 0 : 6276, 7, 2022/11/11, 02:49:02.109, 7430791024814, vstest.console.dll, MulticastDelegateUtilities.SafeInvoke: HostProviderEvents.OnHostLaunched: Invoking callback 2/2 for Microsoft.VisualStudio.TestPlatform.CrossPlatEngine.Client.ProxyOperationManager.TestHostManagerHostLaunched, took 0 ms.
TpTrace Verbose: 0 : 6276, 7, 2022/11/11, 02:49:02.109, 7430791026922, vstest.console.dll, TestRequestSender.WaitForRequestHandlerConnection: waiting for connection with timeout: 90000.
TpTrace Verbose: 0 : 6276, 7, 2022/11/11, 02:49:02.306, 7430792999442, vstest.console.dll, TestRequestSender.WaitForRequestHandlerConnection: waiting took 197 ms, with timeout 90000 ms, and result 0, which is success.
TpTrace Verbose: 0 : 6276, 12, 2022/11/11, 02:49:02.306, 7430792999509, vstest.console.dll, MulticastDelegateUtilities.SafeInvoke: SocketServer: ClientConnected: Invoking callback 1/1 for Microsoft.VisualStudio.TestPlatform.CommunicationUtilities.TestRequestSender.<InitializeCommunication>b__24_0, took 0 ms.
TpTrace Verbose: 0 : 6276, 12, 2022/11/11, 02:49:02.307, 7430793001858, vstest.console.dll, SocketServer.OnClientConnected: Client connected for endPoint: 127.0.0.1:59293, starting MessageLoopAsync:
TpTrace Verbose: 0 : 6276, 12, 2022/11/11, 02:49:02.307, 7430793004404, vstest.console.dll, TcpClientExtensions.MessageLoopAsync: Polling on remoteEndPoint: 127.0.0.1:59294 localEndPoint: 127.0.0.1:59293
TpTrace Verbose: 0 : 6276, 7, 2022/11/11, 02:49:02.308, 7430793014078, vstest.console.dll, TestRequestSender.CheckVersionWithTestHost: Sending check version message: {"MessageType":"ProtocolVersion","Payload":7}
TpTrace Verbose: 0 : 6276, 12, 2022/11/11, 02:49:02.474, 7430794671669, vstest.console.dll, TcpClientExtensions.MessageLoopAsync: NotifyDataAvailable remoteEndPoint: 127.0.0.1:59294 localEndPoint: 127.0.0.1:59293
TpTrace Verbose: 0 : 6276, 12, 2022/11/11, 02:49:02.474, 7430794674690, vstest.console.dll, TestRequestSender.CheckVersionWithTestHost: onMessageReceived received message: (ProtocolVersion) -> {"MessageType":"ProtocolVersion","Payload":5}
TpTrace Verbose: 0 : 6276, 12, 2022/11/11, 02:49:02.475, 7430794683879, vstest.console.dll, MulticastDelegateUtilities.SafeInvoke: LengthPrefixCommunicationChannel: MessageReceived: Invoking callback 1/1 for Microsoft.VisualStudio.TestPlatform.CommunicationUtilities.TestRequestSender+<>c__DisplayClass26_0.<CheckVersionWithTestHost>b__0, took 0 ms.
TpTrace Verbose: 0 : 6276, 7, 2022/11/11, 02:49:02.475, 7430794684854, vstest.console.dll, TestPluginCache.GetExtensionPaths: Filtered extension paths: 
TpTrace Verbose: 0 : 6276, 12, 2022/11/11, 02:49:02.475, 7430794685770, vstest.console.dll, TcpClientExtensions.MessageLoopAsync: Polling on remoteEndPoint: 127.0.0.1:59294 localEndPoint: 127.0.0.1:59293
TpTrace Verbose: 0 : 6276, 7, 2022/11/11, 02:49:02.475, 7430794686373, vstest.console.dll, TestPluginCache.GetExtensionPaths: Added default extension paths: C:\Program Files\dotnet\sdk\6.0.402\Extensions\Microsoft.Diagnostics.NETCore.Client.dll
C:\Program Files\dotnet\sdk\6.0.402\Extensions\Microsoft.TestPlatform.Extensions.BlameDataCollector.dll
C:\Program Files\dotnet\sdk\6.0.402\Extensions\Microsoft.TestPlatform.Extensions.EventLogCollector.dll
C:\Program Files\dotnet\sdk\6.0.402\Extensions\Microsoft.TestPlatform.TestHostRuntimeProvider.dll
C:\Program Files\dotnet\sdk\6.0.402\Extensions\Microsoft.VisualStudio.TestPlatform.Extensions.Html.TestLogger.dll
C:\Program Files\dotnet\sdk\6.0.402\Extensions\Microsoft.VisualStudio.TestPlatform.Extensions.Trx.TestLogger.dll
TpTrace Verbose: 0 : 6276, 7, 2022/11/11, 02:49:02.475, 7430794688018, vstest.console.dll, TestPluginCache.GetExtensionPaths: Added unfilterableExtensionPaths: 
TpTrace Verbose: 0 : 6276, 7, 2022/11/11, 02:49:02.481, 7430794744719, vstest.console.dll, TestRequestSender.InitializeExecution: Sending initialize execution with message: {"Version":5,"MessageType":"TestExecution.Initialize","Payload":["D:\\zzzAllFiles\\Programming\\Assessments\\MoneyMe\\moneyme-api\\MoneyMeTests\\bin\\Debug\\net6.0\\fine-code-coverage\\build-output\\xunit.runner.visualstudio.dotnetcore.testadapter.dll"]}
TpTrace Warning: 0 : 6276, 7, 2022/11/11, 02:49:02.481, 7430794749663, vstest.console.dll, InferRunSettingsHelper.MakeRunsettingsCompatible: Removing the following settings: TargetPlatform from RunSettings file. To use those settings please move to latest version of Microsoft.NET.Test.Sdk
TpTrace Verbose: 0 : 6276, 12, 2022/11/11, 02:49:02.489, 7430794826812, vstest.console.dll, TcpClientExtensions.MessageLoopAsync: NotifyDataAvailable remoteEndPoint: 127.0.0.1:59294 localEndPoint: 127.0.0.1:59293
TpTrace Verbose: 0 : 6276, 12, 2022/11/11, 02:49:02.489, 7430794829017, vstest.console.dll, TestRequestSender.OnExecutionMessageReceived: Received message: {"Version":5,"MessageType":"TestSession.Message","Payload":{"MessageLevel":0,"Message":"Logging TestHost Diagnostics in file: D:\\zzzAllFiles\\Programming\\Assessments\\MoneyMe\\moneyme-api\\MoneyMeTests\\bin\\Debug\\net6.0\\fine-code-coverage\\coverage-tool-output\\diagnostics.host.22-11-11_02-49-02_09951_7.log"}}
TpTrace Verbose: 0 : 6276, 12, 2022/11/11, 02:49:02.492, 7430794860525, vstest.console.dll, TestRunRequest:SendTestRunMessage: Starting.
TpTrace Verbose: 0 : 6276, 12, 2022/11/11, 02:49:02.493, 7430794862445, vstest.console.dll, MulticastDelegateUtilities.SafeInvoke: TestRun.LogMessages: Invoking callback 1/1 for Microsoft.VisualStudio.TestPlatform.CommandLine.TestRunResultAggregator.TestRunMessageHandler, took 0 ms.
TpTrace Verbose: 0 : 6276, 4, 2022/11/11, 02:49:02.493, 7430794862780, vstest.console.dll, MulticastDelegateUtilities.SafeInvoke: InternalTestLoggerEvents.SendTestRunMessage: Invoking callback 1/1 for Microsoft.VisualStudio.TestPlatform.CommandLine.Internal.ConsoleLogger.TestMessageHandler, took 0 ms.
TpTrace Information: 0 : 6276, 12, 2022/11/11, 02:49:02.493, 7430794863721, vstest.console.dll, TestRunRequest:SendTestRunMessage: Completed.
TpTrace Verbose: 0 : 6276, 12, 2022/11/11, 02:49:02.493, 7430794865828, vstest.console.dll, MulticastDelegateUtilities.SafeInvoke: LengthPrefixCommunicationChannel: MessageReceived: Invoking callback 1/1 for Microsoft.VisualStudio.TestPlatform.CommunicationUtilities.TestRequestSender+<>c__DisplayClass31_0.<StartTestRun>b__1, took 3 ms.
TpTrace Verbose: 0 : 6276, 12, 2022/11/11, 02:49:02.493, 7430794866507, vstest.console.dll, TcpClientExtensions.MessageLoopAsync: Polling on remoteEndPoint: 127.0.0.1:59294 localEndPoint: 127.0.0.1:59293
TpTrace Verbose: 0 : 6276, 7, 2022/11/11, 02:49:02.495, 7430794881779, vstest.console.dll, TestRequestSender.StartTestRun: Sending test run with message: {"Version":5,"MessageType":"TestExecution.StartWithSources","Payload":{"AdapterSourceMap":{"_none_":["D:\\zzzAllFiles\\Programming\\Assessments\\MoneyMe\\moneyme-api\\MoneyMeTests\\bin\\Debug\\net6.0\\fine-code-coverage\\build-output\\MoneyMeTests.dll"]},"RunSettings":"<RunSettings>\r\n  <RunConfiguration>\r\n    <ResultsDirectory>D:\\zzzAllFiles\\Programming\\Assessments\\MoneyMe\\moneyme-api\\MoneyMeTests\\bin\\Debug\\net6.0\\fine-code-coverage\\coverage-tool-output</ResultsDirectory>\r\n    <TargetFrameworkVersion>.NETCoreApp,Version=v6.0</TargetFrameworkVersion>\r\n    <DesignMode>False</DesignMode>\r\n    <CollectSourceInformation>False</CollectSourceInformation>\r\n  </RunConfiguration>\r\n  <LoggerRunSettings>\r\n    <Loggers>\r\n      <Logger friendlyName=\"blame\" enabled=\"True\" />\r\n      <Logger friendlyName=\"Console\" uri=\"logger://microsoft/TestPlatform/ConsoleLogger/v1\" assemblyQualifiedName=\"Microsoft.VisualStudio.TestPlatform.CommandLine.Internal.ConsoleLogger, vstest.console, Version=15.0.0.0, Culture=neutral, PublicKeyToken=b03f5f7f11d50a3a\" codeBase=\"C:\\Program Files\\dotnet\\sdk\\6.0.402\\vstest.console.dll\" enabled=\"True\" />\r\n    </Loggers>\r\n  </LoggerRunSettings>\r\n  <DataCollectionRunSettings>\r\n    <DataCollectors>\r\n      <DataCollector friendlyName=\"blame\" enabled=\"True\">\r\n        <Configuration>\r\n          <ResultsDirectory>D:\\zzzAllFiles\\Programming\\Assessments\\MoneyMe\\moneyme-api\\MoneyMeTests\\bin\\Debug\\net6.0\\fine-code-coverage\\coverage-tool-output</ResultsDirectory>\r\n        </Configuration>\r\n      </DataCollector>\r\n    </DataCollectors>\r\n  </DataCollectionRunSettings>\r\n</RunSettings>","TestExecutionContext":{"FrequencyOfRunStatsChangeEvent":10,"RunStatsChangeEventTimeout":"00:00:01.5000000","InIsolation":false,"KeepAlive":false,"AreTestCaseLevelEventsRequired":false,"IsDebug":false,"TestCaseFilter":null,"FilterOptions":null},"Package":null}}
TpTrace Verbose: 0 : 6276, 12, 2022/11/11, 02:49:02.703, 7430796966082, vstest.console.dll, TcpClientExtensions.MessageLoopAsync: NotifyDataAvailable remoteEndPoint: 127.0.0.1:59294 localEndPoint: 127.0.0.1:59293
TpTrace Verbose: 0 : 6276, 12, 2022/11/11, 02:49:02.703, 7430796968231, vstest.console.dll, TestRequestSender.OnExecutionMessageReceived: Received message: {"Version":5,"MessageType":"TestSession.Message","Payload":{"MessageLevel":0,"Message":"[xUnit.net 00:00:00.00] xUnit.net VSTest Adapter v2.4.3+1b45f5407b (64-bit .NET 6.0.10)"}}
TpTrace Verbose: 0 : 6276, 12, 2022/11/11, 02:49:02.703, 7430796970950, vstest.console.dll, TestRunRequest:SendTestRunMessage: Starting.
TpTrace Verbose: 0 : 6276, 12, 2022/11/11, 02:49:02.704, 7430796972221, vstest.console.dll, MulticastDelegateUtilities.SafeInvoke: TestRun.LogMessages: Invoking callback 1/1 for Microsoft.VisualStudio.TestPlatform.CommandLine.TestRunResultAggregator.TestRunMessageHandler, took 0 ms.
TpTrace Verbose: 0 : 6276, 4, 2022/11/11, 02:49:02.704, 7430796972589, vstest.console.dll, MulticastDelegateUtilities.SafeInvoke: InternalTestLoggerEvents.SendTestRunMessage: Invoking callback 1/1 for Microsoft.VisualStudio.TestPlatform.CommandLine.Internal.ConsoleLogger.TestMessageHandler, took 0 ms.
TpTrace Information: 0 : 6276, 12, 2022/11/11, 02:49:02.704, 7430796972887, vstest.console.dll, TestRunRequest:SendTestRunMessage: Completed.
TpTrace Verbose: 0 : 6276, 12, 2022/11/11, 02:49:02.704, 7430796975024, vstest.console.dll, MulticastDelegateUtilities.SafeInvoke: LengthPrefixCommunicationChannel: MessageReceived: Invoking callback 1/1 for Microsoft.VisualStudio.TestPlatform.CommunicationUtilities.TestRequestSender+<>c__DisplayClass31_0.<StartTestRun>b__1, took 0 ms.
TpTrace Verbose: 0 : 6276, 12, 2022/11/11, 02:49:02.704, 7430796975778, vstest.console.dll, TcpClientExtensions.MessageLoopAsync: Polling on remoteEndPoint: 127.0.0.1:59294 localEndPoint: 127.0.0.1:59293
TpTrace Verbose: 0 : 6276, 12, 2022/11/11, 02:49:03.700, 7430806939597, vstest.console.dll, TcpClientExtensions.MessageLoopAsync: Polling on remoteEndPoint: 127.0.0.1:59294 localEndPoint: 127.0.0.1:59293
TpTrace Verbose: 0 : 6276, 12, 2022/11/11, 02:49:03.721, 7430807143975, vstest.console.dll, TcpClientExtensions.MessageLoopAsync: NotifyDataAvailable remoteEndPoint: 127.0.0.1:59294 localEndPoint: 127.0.0.1:59293
TpTrace Verbose: 0 : 6276, 12, 2022/11/11, 02:49:03.721, 7430807145786, vstest.console.dll, TestRequestSender.OnExecutionMessageReceived: Received message: {"Version":5,"MessageType":"TestSession.Message","Payload":{"MessageLevel":0,"Message":"[xUnit.net 00:00:01.02]   Discovering: MoneyMeTests"}}
TpTrace Verbose: 0 : 6276, 12, 2022/11/11, 02:49:03.721, 7430807147173, vstest.console.dll, TestRunRequest:SendTestRunMessage: Starting.
TpTrace Verbose: 0 : 6276, 12, 2022/11/11, 02:49:03.721, 7430807148197, vstest.console.dll, MulticastDelegateUtilities.SafeInvoke: TestRun.LogMessages: Invoking callback 1/1 for Microsoft.VisualStudio.TestPlatform.CommandLine.TestRunResultAggregator.TestRunMessageHandler, took 0 ms.
TpTrace Information: 0 : 6276, 12, 2022/11/11, 02:49:03.721, 7430807148636, vstest.console.dll, TestRunRequest:SendTestRunMessage: Completed.
TpTrace Verbose: 0 : 6276, 4, 2022/11/11, 02:49:03.721, 7430807148702, vstest.console.dll, MulticastDelegateUtilities.SafeInvoke: InternalTestLoggerEvents.SendTestRunMessage: Invoking callback 1/1 for Microsoft.VisualStudio.TestPlatform.CommandLine.Internal.ConsoleLogger.TestMessageHandler, took 0 ms.
TpTrace Verbose: 0 : 6276, 12, 2022/11/11, 02:49:03.721, 7430807149071, vstest.console.dll, MulticastDelegateUtilities.SafeInvoke: LengthPrefixCommunicationChannel: MessageReceived: Invoking callback 1/1 for Microsoft.VisualStudio.TestPlatform.CommunicationUtilities.TestRequestSender+<>c__DisplayClass31_0.<StartTestRun>b__1, took 0 ms.
TpTrace Verbose: 0 : 6276, 12, 2022/11/11, 02:49:03.722, 7430807151197, vstest.console.dll, TcpClientExtensions.MessageLoopAsync: Polling on remoteEndPoint: 127.0.0.1:59294 localEndPoint: 127.0.0.1:59293
TpTrace Verbose: 0 : 6276, 12, 2022/11/11, 02:49:03.784, 7430807774372, vstest.console.dll, TcpClientExtensions.MessageLoopAsync: NotifyDataAvailable remoteEndPoint: 127.0.0.1:59294 localEndPoint: 127.0.0.1:59293
TpTrace Verbose: 0 : 6276, 12, 2022/11/11, 02:49:03.784, 7430807775982, vstest.console.dll, TestRequestSender.OnExecutionMessageReceived: Received message: {"Version":5,"MessageType":"TestSession.Message","Payload":{"MessageLevel":0,"Message":"[xUnit.net 00:00:01.09]   Discovered:  MoneyMeTests"}}
TpTrace Verbose: 0 : 6276, 12, 2022/11/11, 02:49:03.784, 7430807777193, vstest.console.dll, TestRunRequest:SendTestRunMessage: Starting.
TpTrace Verbose: 0 : 6276, 12, 2022/11/11, 02:49:03.784, 7430807777922, vstest.console.dll, MulticastDelegateUtilities.SafeInvoke: TestRun.LogMessages: Invoking callback 1/1 for Microsoft.VisualStudio.TestPlatform.CommandLine.TestRunResultAggregator.TestRunMessageHandler, took 0 ms.
TpTrace Information: 0 : 6276, 12, 2022/11/11, 02:49:03.784, 7430807778323, vstest.console.dll, TestRunRequest:SendTestRunMessage: Completed.
TpTrace Verbose: 0 : 6276, 4, 2022/11/11, 02:49:03.784, 7430807778368, vstest.console.dll, MulticastDelegateUtilities.SafeInvoke: InternalTestLoggerEvents.SendTestRunMessage: Invoking callback 1/1 for Microsoft.VisualStudio.TestPlatform.CommandLine.Internal.ConsoleLogger.TestMessageHandler, took 0 ms.
TpTrace Verbose: 0 : 6276, 12, 2022/11/11, 02:49:03.784, 7430807778738, vstest.console.dll, MulticastDelegateUtilities.SafeInvoke: LengthPrefixCommunicationChannel: MessageReceived: Invoking callback 1/1 for Microsoft.VisualStudio.TestPlatform.CommunicationUtilities.TestRequestSender+<>c__DisplayClass31_0.<StartTestRun>b__1, took 0 ms.
TpTrace Verbose: 0 : 6276, 12, 2022/11/11, 02:49:03.784, 7430807780795, vstest.console.dll, TcpClientExtensions.MessageLoopAsync: Polling on remoteEndPoint: 127.0.0.1:59294 localEndPoint: 127.0.0.1:59293
TpTrace Verbose: 0 : 6276, 12, 2022/11/11, 02:49:03.787, 7430807802701, vstest.console.dll, TcpClientExtensions.MessageLoopAsync: NotifyDataAvailable remoteEndPoint: 127.0.0.1:59294 localEndPoint: 127.0.0.1:59293
TpTrace Verbose: 0 : 6276, 12, 2022/11/11, 02:49:03.787, 7430807804177, vstest.console.dll, TestRequestSender.OnExecutionMessageReceived: Received message: {"Version":5,"MessageType":"TestSession.Message","Payload":{"MessageLevel":0,"Message":"[xUnit.net 00:00:01.09]   Starting:    MoneyMeTests"}}
TpTrace Verbose: 0 : 6276, 12, 2022/11/11, 02:49:03.787, 7430807805309, vstest.console.dll, TestRunRequest:SendTestRunMessage: Starting.
TpTrace Verbose: 0 : 6276, 12, 2022/11/11, 02:49:03.787, 7430807806046, vstest.console.dll, MulticastDelegateUtilities.SafeInvoke: TestRun.LogMessages: Invoking callback 1/1 for Microsoft.VisualStudio.TestPlatform.CommandLine.TestRunResultAggregator.TestRunMessageHandler, took 0 ms.
TpTrace Information: 0 : 6276, 12, 2022/11/11, 02:49:03.787, 7430807806444, vstest.console.dll, TestRunRequest:SendTestRunMessage: Completed.
TpTrace Verbose: 0 : 6276, 4, 2022/11/11, 02:49:03.787, 7430807806484, vstest.console.dll, MulticastDelegateUtilities.SafeInvoke: InternalTestLoggerEvents.SendTestRunMessage: Invoking callback 1/1 for Microsoft.VisualStudio.TestPlatform.CommandLine.Internal.ConsoleLogger.TestMessageHandler, took 0 ms.
TpTrace Verbose: 0 : 6276, 12, 2022/11/11, 02:49:03.787, 7430807806864, vstest.console.dll, MulticastDelegateUtilities.SafeInvoke: LengthPrefixCommunicationChannel: MessageReceived: Invoking callback 1/1 for Microsoft.VisualStudio.TestPlatform.CommunicationUtilities.TestRequestSender+<>c__DisplayClass31_0.<StartTestRun>b__1, took 0 ms.
TpTrace Verbose: 0 : 6276, 12, 2022/11/11, 02:49:03.787, 7430807809018, vstest.console.dll, TcpClientExtensions.MessageLoopAsync: Polling on remoteEndPoint: 127.0.0.1:59294 localEndPoint: 127.0.0.1:59293
TpTrace Verbose: 0 : 6276, 12, 2022/11/11, 02:49:04.047, 7430810403924, vstest.console.dll, TcpClientExtensions.MessageLoopAsync: NotifyDataAvailable remoteEndPoint: 127.0.0.1:59294 localEndPoint: 127.0.0.1:59293
TpTrace Verbose: 0 : 6276, 12, 2022/11/11, 02:49:04.047, 7430810407639, vstest.console.dll, TestRequestSender.OnExecutionMessageReceived: Received message: {"Version":5,"MessageType":"TestExecution.StatsChange","Payload":{"NewTestResults":[{"TestCase":{"Id":"341bad05-e409-11d3-3eff-fb8a6b371ceb","FullyQualifiedName":"MoneyMeTests.Services.Repayments.PMTCalculatorTest.CalculateRepayments_ShouldComputeProperly_WhenInputsAreValid","DisplayName":"MoneyMeTests.Services.Repayments.PMTCalculatorTest.CalculateRepayments_ShouldComputeProperly_WhenInputsAreValid(expected: \"120\", rate: 0, term: 5, presentValue: 600)","ExecutorUri":"executor://xunit/VsTestRunner2/netcoreapp","Source":"D:\\zzzAllFiles\\Programming\\Assessments\\MoneyMe\\moneyme-api\\MoneyMeTests\\bin\\Debug\\net6.0\\fine-code-coverage\\build-output\\MoneyMeTests.dll","CodeFilePath":null,"LineNumber":0,"Properties":[]},"Attachments":[],"Outcome":1,"ErrorMessage":null,"ErrorStackTrace":null,"DisplayName":"MoneyMeTests.Services.Repayments.PMTCalculatorTest.CalculateRepayments_ShouldComputeProperly_WhenInputsAreValid(expected: \"120\", rate: 0, term: 5, presentValue: 600)","Messages":[],"ComputerName":"DESKTOP-CHHAJE5","Duration":"00:00:00.0105309","StartTime":"2022-11-10T18:49:03.8920859+00:00","EndTime":"2022-11-10T18:49:03.8921252+00:00","Properties":[]},{"TestCase":{"Id":"cf6f898b-7fc9-9a75-eed6-2d9508203cc9","FullyQualifiedName":"MoneyMeTests.Services.Repayments.PMTCalculatorTest.CalculateRepayments_ShouldComputeProperly_WhenInputsAreValid","DisplayName":"MoneyMeTests.Services.Repayments.PMTCalculatorTest.CalculateRepayments_ShouldComputeProperly_WhenInputsAreValid(expected: \"122.108142820078200\", rate: 0.07, term: 5, presentValue: 600)","ExecutorUri":"executor://xunit/VsTestRunner2/netcoreapp","Source":"D:\\zzzAllFiles\\Programming\\Assessments\\MoneyMe\\moneyme-api\\MoneyMeTests\\bin\\Debug\\net6.0\\fine-code-coverage\\build-output\\MoneyMeTests.dll","CodeFilePath":null,"LineNumber":0,"Properties":[]},"Attachments":[],"Outcome":1,"ErrorMessage":null,"ErrorStackTrace":null,"DisplayName":"MoneyMeTests.Services.Repayments.PMTCalculatorTest.CalculateRepayments_ShouldComputeProperly_WhenInputsAreValid(expected: \"122.108142820078200\", rate: 0.07, term: 5, presentValue: 600)","Messages":[],"ComputerName":"DESKTOP-CHHAJE5","Duration":"00:00:00.0000546","StartTime":"2022-11-10T18:49:03.9231232+00:00","EndTime":"2022-11-10T18:49:03.9231236+00:00","Properties":[]},{"TestCase":{"Id":"0813a672-6c0c-eabb-f86b-66a0c242a41a","FullyQualifiedName":"MoneyMeTests.Services.UrlGenerator.URLGeneratorServiceTest.GenerateRedirectURL_ShouldBeGenerated_WhenAccountIsPresent","DisplayName":"MoneyMeTests.Services.UrlGenerator.URLGeneratorServiceTest.GenerateRedirectURL_ShouldBeGenerated_WhenAccountIsPresent","ExecutorUri":"executor://xunit/VsTestRunner2/netcoreapp","Source":"D:\\zzzAllFiles\\Programming\\Assessments\\MoneyMe\\moneyme-api\\MoneyMeTests\\bin\\Debug\\net6.0\\fine-code-coverage\\build-output\\MoneyMeTests.dll","CodeFilePath":null,"LineNumber":0,"Properties":[]},"Attachments":[],"Outcome":1,"ErrorMessage":null,"ErrorStackTrace":null,"DisplayName":"MoneyMeTests.Services.UrlGenerator.URLGeneratorServiceTest.GenerateRedirectURL_ShouldBeGenerated_WhenAccountIsPresent","Messages":[],"ComputerName":"DESKTOP-CHHAJE5","Duration":"00:00:00.1121342","StartTime":"2022-11-10T18:49:03.9719674+00:00","EndTime":"2022-11-10T18:49:03.9719677+00:00","Properties":[]},{"TestCase":{"Id":"2503921c-b1f8-b101-4d95-8d056d990d6f","FullyQualifiedName":"MoneyMeTests.Services.UrlGenerator.ProductBRepaymentsProviderTest.ProductB_ShouldCallPMTCalculatorTwice_WhenCalled","DisplayName":"MoneyMeTests.Services.UrlGenerator.ProductBRepaymentsProviderTest.ProductB_ShouldCallPMTCalculatorTwice_WhenCalled","ExecutorUri":"executor://xunit/VsTestRunner2/netcoreapp","Source":"D:\\zzzAllFiles\\Programming\\Assessments\\MoneyMe\\moneyme-api\\MoneyMeTests\\bin\\Debug\\net6.0\\fine-code-coverage\\build-output\\MoneyMeTests.dll","CodeFilePath":null,"LineNumber":0,"Properties":[]},"Attachments":[],"Outcome":1,"ErrorMessage":null,"ErrorStackTrace":null,"DisplayName":"MoneyMeTests.Services.UrlGenerator.ProductBRepaymentsProviderTest.ProductB_ShouldCallPMTCalculatorTwice_WhenCalled","Messages":[],"ComputerName":"DESKTOP-CHHAJE5","Duration":"00:00:00.1137698","StartTime":"2022-11-10T18:49:03.9757518+00:00","EndTime":"2022-11-10T18:49:03.9757522+00:00","Properties":[]},{"TestCase":{"Id":"8cf304cc-5b81-cb0b-088a-26a0ba969425","FullyQualifiedName":"MoneyMeTests.Services.UrlGenerator.ProductCRepaymentsProviderTest.ProductC_ShouldCallPMTCalculatorOnce_WhenCalled","DisplayName":"MoneyMeTests.Services.UrlGenerator.ProductCRepaymentsProviderTest.ProductC_ShouldCallPMTCalculatorOnce_WhenCalled","ExecutorUri":"executor://xunit/VsTestRunner2/netcoreapp","Source":"D:\\zzzAllFiles\\Programming\\Assessments\\MoneyMe\\moneyme-api\\MoneyMeTests\\bin\\Debug\\net6.0\\fine-code-coverage\\build-output\\MoneyMeTests.dll","CodeFilePath":null,"LineNumber":0,"Properties":[]},"Attachments":[],"Outcome":1,"ErrorMessage":null,"ErrorStackTrace":null,"DisplayName":"MoneyMeTests.Services.UrlGenerator.ProductCRepaymentsProviderTest.ProductC_ShouldCallPMTCalculatorOnce_WhenCalled","Messages":[],"ComputerName":"DESKTOP-CHHAJE5","Duration":"00:00:00.0831793","StartTime":"2022-11-10T18:49:03.9775419+00:00","EndTime":"2022-11-10T18:49:03.9775419+00:00","Properties":[]},{"TestCase":{"Id":"c046ff9a-87cb-07ab-a6a5-6af55a3e7fd5","FullyQualifiedName":"MoneyMeTests.Services.UrlGenerator.ProductARepaymentsProviderTest.ProductA_ShouldCallPMTCalculatorOnce_WhenCalled","DisplayName":"MoneyMeTests.Services.UrlGenerator.ProductARepaymentsProviderTest.ProductA_ShouldCallPMTCalculatorOnce_WhenCalled","ExecutorUri":"executor://xunit/VsTestRunner2/netcoreapp","Source":"D:\\zzzAllFiles\\Programming\\Assessments\\MoneyMe\\moneyme-api\\MoneyMeTests\\bin\\Debug\\net6.0\\fine-code-coverage\\build-output\\MoneyMeTests.dll","CodeFilePath":null,"LineNumber":0,"Properties":[]},"Attachments":[],"Outcome":1,"ErrorMessage":null,"ErrorStackTrace":null,"DisplayName":"MoneyMeTests.Services.UrlGenerator.ProductARepaymentsProviderTest.ProductA_ShouldCallPMTCalculatorOnce_WhenCalled","Messages":[],"ComputerName":"DESKTOP-CHHAJE5","Duration":"00:00:00.1139003","StartTime":"2022-11-10T18:49:03.9794931+00:00","EndTime":"2022-11-10T18:49:03.9794932+00:00","Properties":[]},{"TestCase":{"Id":"877c9edb-0c35-c1e0-6291-d7f0b2c4f601","FullyQualifiedName":"MoneyMeTests.Services.UrlGenerator.RepaymentControllerTest.GetRepaymentByAccountId_ShouldReturn404_WhenAssociatedLoanOrRepaymentIsNotFound","DisplayName":"MoneyMeTests.Services.UrlGenerator.RepaymentControllerTest.GetRepaymentByAccountId_ShouldReturn404_WhenAssociatedLoanOrRepaymentIsNotFound","ExecutorUri":"executor://xunit/VsTestRunner2/netcoreapp","Source":"D:\\zzzAllFiles\\Programming\\Assessments\\MoneyMe\\moneyme-api\\MoneyMeTests\\bin\\Debug\\net6.0\\fine-code-coverage\\build-output\\MoneyMeTests.dll","CodeFilePath":null,"LineNumber":0,"Properties":[]},"Attachments":[],"Outcome":1,"ErrorMessage":null,"ErrorStackTrace":null,"DisplayName":"MoneyMeTests.Services.UrlGenerator.RepaymentControllerTest.GetRepaymentByAccountId_ShouldReturn404_WhenAssociatedLoanOrRepaymentIsNotFound","Messages":[],"ComputerName":"DESKTOP-CHHAJE5","Duration":"00:00:00.0295432","StartTime":"2022-11-10T18:49:04.0028437+00:00","EndTime":"2022-11-10T18:49:04.002844+00:00","Properties":[]},{"TestCase":{"Id":"d3a84432-1a2d-0999-bf4f-e12091d057da","FullyQualifiedName":"MoneyMeTests.Services.UrlGenerator.LoanControllerTest.GetLoanByIdAccount_ShouldReturn200Ok_WhenAssociatedLoanIsFound","DisplayName":"MoneyMeTests.Services.UrlGenerator.LoanControllerTest.GetLoanByIdAccount_ShouldReturn200Ok_WhenAssociatedLoanIsFound","ExecutorUri":"executor://xunit/VsTestRunner2/netcoreapp","Source":"D:\\zzzAllFiles\\Programming\\Assessments\\MoneyMe\\moneyme-api\\MoneyMeTests\\bin\\Debug\\net6.0\\fine-code-coverage\\build-output\\MoneyMeTests.dll","CodeFilePath":null,"LineNumber":0,"Properties":[]},"Attachments":[],"Outcome":1,"ErrorMessage":null,"ErrorStackTrace":null,"DisplayName":"MoneyMeTests.Services.UrlGenerator.LoanControllerTest.GetLoanByIdAccount_ShouldReturn200Ok_WhenAssociatedLoanIsFound","Messages":[],"ComputerName":"DESKTOP-CHHAJE5","Duration":"00:00:00.0324930","StartTime":"2022-11-10T18:49:04.0064046+00:00","EndTime":"2022-11-10T18:49:04.0064048+00:00","Properties":[]},{"TestCase":{"Id":"2a48cdef-a2e2-efa7-fafe-8e5e747d9377","FullyQualifiedName":"MoneyMeTests.Services.UrlGenerator.LoanControllerTest.GetLoanByIdAccount_ShouldThrow_WhenErrorOccurs","DisplayName":"MoneyMeTests.Services.UrlGenerator.LoanControllerTest.GetLoanByIdAccount_ShouldThrow_WhenErrorOccurs","ExecutorUri":"executor://xunit/VsTestRunner2/netcoreapp","Source":"D:\\zzzAllFiles\\Programming\\Assessments\\MoneyMe\\moneyme-api\\MoneyMeTests\\bin\\Debug\\net6.0\\fine-code-coverage\\build-output\\MoneyMeTests.dll","CodeFilePath":null,"LineNumber":0,"Properties":[]},"Attachments":[],"Outcome":1,"ErrorMessage":null,"ErrorStackTrace":null,"DisplayName":"MoneyMeTests.Services.UrlGenerator.LoanControllerTest.GetLoanByIdAccount_ShouldThrow_WhenErrorOccurs","Messages":[],"ComputerName":"DESKTOP-CHHAJE5","Duration":"00:00:00.0043311","StartTime":"2022-11-10T18:49:04.0108587+00:00","EndTime":"2022-11-10T18:49:04.010859+00:00","Properties":[]}],"TestRunStatistics":{"ExecutedTests":9,"Stats":{"Passed":9}},"ActiveTests":[{"Id":"7cb9d5ff-3ffb-af38-e49d-d8a1761789e6","FullyQualifiedName":"MoneyMeTests.Services.UrlGenerator.LoanControllerTest.GetLoanByIdAccount_ShouldReturn404_WhenAssociatedLoanIsNotFound","DisplayName":"MoneyMeTests.Services.UrlGenerator.LoanControllerTest.GetLoanByIdAccount_ShouldReturn404_WhenAssociatedLoanIsNotFound","ExecutorUri":"executor://xunit/VsTestRunner2/netcoreapp","Source":"D:\\zzzAllFiles\\Programming\\Assessments\\MoneyMe\\moneyme-api\\MoneyMeTests\\bin\\Debug\\net6.0\\fine-code-coverage\\build-output\\MoneyMeTests.dll","CodeFilePath":null,"LineNumber":0,"Properties":[]}]}}
TpTrace Verbose: 0 : 6276, 12, 2022/11/11, 02:49:04.073, 7430810669580, vstest.console.dll, TestRunRequest:SendTestRunStatsChange: Starting.
TpTrace Verbose: 0 : 6276, 12, 2022/11/11, 02:49:04.074, 7430810671153, vstest.console.dll, InProgress is MoneyMeTests.Services.UrlGenerator.LoanControllerTest.GetLoanByIdAccount_ShouldReturn404_WhenAssociatedLoanIsNotFound
TpTrace Verbose: 0 : 6276, 12, 2022/11/11, 02:49:04.074, 7430810673796, vstest.console.dll, MulticastDelegateUtilities.SafeInvoke: TestRun.RunStatsChanged: Invoking callbacks was skipped because there are no subscribers.
TpTrace Information: 0 : 6276, 12, 2022/11/11, 02:49:04.074, 7430810674289, vstest.console.dll, TestRunRequest:SendTestRunStatsChange: Completed.
TpTrace Verbose: 0 : 6276, 12, 2022/11/11, 02:49:04.074, 7430810674680, vstest.console.dll, MulticastDelegateUtilities.SafeInvoke: LengthPrefixCommunicationChannel: MessageReceived: Invoking callback 1/1 for Microsoft.VisualStudio.TestPlatform.CommunicationUtilities.TestRequestSender+<>c__DisplayClass31_0.<StartTestRun>b__1, took 26 ms.
TpTrace Verbose: 0 : 6276, 12, 2022/11/11, 02:49:04.074, 7430810675063, vstest.console.dll, TcpClientExtensions.MessageLoopAsync: Polling on remoteEndPoint: 127.0.0.1:59294 localEndPoint: 127.0.0.1:59293
TpTrace Verbose: 0 : 6276, 12, 2022/11/11, 02:49:04.074, 7430810675564, vstest.console.dll, TcpClientExtensions.MessageLoopAsync: NotifyDataAvailable remoteEndPoint: 127.0.0.1:59294 localEndPoint: 127.0.0.1:59293
TpTrace Verbose: 0 : 6276, 12, 2022/11/11, 02:49:04.074, 7430810676236, vstest.console.dll, TestRequestSender.OnExecutionMessageReceived: Received message: {"Version":5,"MessageType":"TestSession.Message","Payload":{"MessageLevel":0,"Message":"[xUnit.net 00:00:01.35]   Finished:    MoneyMeTests"}}
TpTrace Verbose: 0 : 6276, 12, 2022/11/11, 02:49:04.074, 7430810677350, vstest.console.dll, TestRunRequest:SendTestRunMessage: Starting.
TpTrace Verbose: 0 : 6276, 12, 2022/11/11, 02:49:04.074, 7430810677924, vstest.console.dll, MulticastDelegateUtilities.SafeInvoke: TestRun.LogMessages: Invoking callback 1/1 for Microsoft.VisualStudio.TestPlatform.CommandLine.TestRunResultAggregator.TestRunMessageHandler, took 0 ms.
TpTrace Information: 0 : 6276, 12, 2022/11/11, 02:49:04.074, 7430810678279, vstest.console.dll, TestRunRequest:SendTestRunMessage: Completed.
TpTrace Verbose: 0 : 6276, 12, 2022/11/11, 02:49:04.074, 7430810678630, vstest.console.dll, MulticastDelegateUtilities.SafeInvoke: LengthPrefixCommunicationChannel: MessageReceived: Invoking callback 1/1 for Microsoft.VisualStudio.TestPlatform.CommunicationUtilities.TestRequestSender+<>c__DisplayClass31_0.<StartTestRun>b__1, took 0 ms.
TpTrace Verbose: 0 : 6276, 12, 2022/11/11, 02:49:04.074, 7430810678970, vstest.console.dll, TcpClientExtensions.MessageLoopAsync: Polling on remoteEndPoint: 127.0.0.1:59294 localEndPoint: 127.0.0.1:59293
TpTrace Verbose: 0 : 6276, 12, 2022/11/11, 02:49:04.074, 7430810679370, vstest.console.dll, TcpClientExtensions.MessageLoopAsync: NotifyDataAvailable remoteEndPoint: 127.0.0.1:59294 localEndPoint: 127.0.0.1:59293
TpTrace Verbose: 0 : 6276, 12, 2022/11/11, 02:49:04.074, 7430810680163, vstest.console.dll, TestRequestSender.OnExecutionMessageReceived: Received message: {"Version":5,"MessageType":"TestExecution.Completed","Payload":{"TestRunCompleteArgs":{"TestRunStatistics":{"ExecutedTests":10,"Stats":{"Passed":10}},"IsCanceled":false,"IsAborted":false,"Error":null,"AttachmentSets":[],"ElapsedTimeInRunningTests":"00:00:01.3705525","Metrics":{}},"LastRunTests":{"NewTestResults":[{"TestCase":{"Id":"7cb9d5ff-3ffb-af38-e49d-d8a1761789e6","FullyQualifiedName":"MoneyMeTests.Services.UrlGenerator.LoanControllerTest.GetLoanByIdAccount_ShouldReturn404_WhenAssociatedLoanIsNotFound","DisplayName":"MoneyMeTests.Services.UrlGenerator.LoanControllerTest.GetLoanByIdAccount_ShouldReturn404_WhenAssociatedLoanIsNotFound","ExecutorUri":"executor://xunit/VsTestRunner2/netcoreapp","Source":"D:\\zzzAllFiles\\Programming\\Assessments\\MoneyMe\\moneyme-api\\MoneyMeTests\\bin\\Debug\\net6.0\\fine-code-coverage\\build-output\\MoneyMeTests.dll","CodeFilePath":null,"LineNumber":0,"Properties":[]},"Attachments":[],"Outcome":1,"ErrorMessage":null,"ErrorStackTrace":null,"DisplayName":"MoneyMeTests.Services.UrlGenerator.LoanControllerTest.GetLoanByIdAccount_ShouldReturn404_WhenAssociatedLoanIsNotFound","Messages":[],"ComputerName":"DESKTOP-CHHAJE5","Duration":"00:00:00.0012202","StartTime":"2022-11-10T18:49:04.0489791+00:00","EndTime":"2022-11-10T18:49:04.0489794+00:00","Properties":[]}],"TestRunStatistics":{"ExecutedTests":10,"Stats":{"Passed":10}},"ActiveTests":[]},"RunAttachments":[],"ExecutorUris":["executor://xunit/VsTestRunner2/netcoreapp"]}}
TpTrace Verbose: 0 : 6276, 12, 2022/11/11, 02:49:04.074, 7430810680904, vstest.console.dll, TestRequestSender.EndSession: Sending end session.
TpTrace Verbose: 0 : 6276, 12, 2022/11/11, 02:49:04.075, 7430810682834, vstest.console.dll, ProxyOperationManager.Close: waiting for test host to exit for 100 ms
TpTrace Verbose: 0 : 6276, 4, 2022/11/11, 02:49:04.083, 7430810766774, vstest.console.dll, MulticastDelegateUtilities.SafeInvoke: InternalTestLoggerEvents.SendTestResult: Invoking callback 1/1 for Microsoft.VisualStudio.TestPlatform.CommandLine.Internal.ConsoleLogger.TestResultHandler, took 9 ms.
TpTrace Verbose: 0 : 6276, 4, 2022/11/11, 02:49:04.083, 7430810768691, vstest.console.dll, MulticastDelegateUtilities.SafeInvoke: InternalTestLoggerEvents.SendTestResult: Invoking callback 1/1 for Microsoft.VisualStudio.TestPlatform.CommandLine.Internal.ConsoleLogger.TestResultHandler, took 0 ms.
TpTrace Verbose: 0 : 6276, 4, 2022/11/11, 02:49:04.083, 7430810769573, vstest.console.dll, MulticastDelegateUtilities.SafeInvoke: InternalTestLoggerEvents.SendTestResult: Invoking callback 1/1 for Microsoft.VisualStudio.TestPlatform.CommandLine.Internal.ConsoleLogger.TestResultHandler, took 0 ms.
TpTrace Verbose: 0 : 6276, 4, 2022/11/11, 02:49:04.083, 7430810770368, vstest.console.dll, MulticastDelegateUtilities.SafeInvoke: InternalTestLoggerEvents.SendTestResult: Invoking callback 1/1 for Microsoft.VisualStudio.TestPlatform.CommandLine.Internal.ConsoleLogger.TestResultHandler, took 0 ms.
TpTrace Verbose: 0 : 6276, 4, 2022/11/11, 02:49:04.084, 7430810771161, vstest.console.dll, MulticastDelegateUtilities.SafeInvoke: InternalTestLoggerEvents.SendTestResult: Invoking callback 1/1 for Microsoft.VisualStudio.TestPlatform.CommandLine.Internal.ConsoleLogger.TestResultHandler, took 0 ms.
TpTrace Verbose: 0 : 6276, 4, 2022/11/11, 02:49:04.084, 7430810771885, vstest.console.dll, MulticastDelegateUtilities.SafeInvoke: InternalTestLoggerEvents.SendTestResult: Invoking callback 1/1 for Microsoft.VisualStudio.TestPlatform.CommandLine.Internal.ConsoleLogger.TestResultHandler, took 0 ms.
TpTrace Verbose: 0 : 6276, 4, 2022/11/11, 02:49:04.084, 7430810772673, vstest.console.dll, MulticastDelegateUtilities.SafeInvoke: InternalTestLoggerEvents.SendTestResult: Invoking callback 1/1 for Microsoft.VisualStudio.TestPlatform.CommandLine.Internal.ConsoleLogger.TestResultHandler, took 0 ms.
TpTrace Verbose: 0 : 6276, 4, 2022/11/11, 02:49:04.084, 7430810773362, vstest.console.dll, MulticastDelegateUtilities.SafeInvoke: InternalTestLoggerEvents.SendTestResult: Invoking callback 1/1 for Microsoft.VisualStudio.TestPlatform.CommandLine.Internal.ConsoleLogger.TestResultHandler, took 0 ms.
TpTrace Verbose: 0 : 6276, 4, 2022/11/11, 02:49:04.084, 7430810774022, vstest.console.dll, MulticastDelegateUtilities.SafeInvoke: InternalTestLoggerEvents.SendTestResult: Invoking callback 1/1 for Microsoft.VisualStudio.TestPlatform.CommandLine.Internal.ConsoleLogger.TestResultHandler, took 0 ms.
TpTrace Verbose: 0 : 6276, 4, 2022/11/11, 02:49:04.084, 7430810774638, vstest.console.dll, MulticastDelegateUtilities.SafeInvoke: InternalTestLoggerEvents.SendTestRunMessage: Invoking callback 1/1 for Microsoft.VisualStudio.TestPlatform.CommandLine.Internal.ConsoleLogger.TestMessageHandler, took 0 ms.
TpTrace Warning: 0 : 6276, 10, 2022/11/11, 02:49:04.103, 7430810963429, vstest.console.dll, TestHostManagerCallbacks.ErrorReceivedCallback Test host standard error line: 
TpTrace Verbose: 0 : 6276, 10, 2022/11/11, 02:49:04.122, 7430811160436, vstest.console.dll, TestHostProvider.ExitCallBack: Host exited starting callback.
TpTrace Information: 0 : 6276, 10, 2022/11/11, 02:49:04.123, 7430811165891, vstest.console.dll, TestHostManagerCallbacks.ExitCallBack: Testhost processId: 16128 exited with exitcode: 0 error: ''
TpTrace Verbose: 0 : 6276, 10, 2022/11/11, 02:49:04.123, 7430811166704, vstest.console.dll, DotnetTestHostManager.OnHostExited: invoking OnHostExited callback
TpTrace Verbose: 0 : 6276, 10, 2022/11/11, 02:49:04.123, 7430811167414, vstest.console.dll, CrossPlatEngine.TestHostManagerHostExited: calling on client process exit callback.
TpTrace Information: 0 : 6276, 10, 2022/11/11, 02:49:04.123, 7430811168101, vstest.console.dll, TestRequestSender.OnClientProcessExit: Test host process exited. Standard error: 
TpTrace Information: 0 : 6276, 12, 2022/11/11, 02:49:04.123, 7430811168523, vstest.console.dll, SocketServer.Stop: Stop server endPoint: 127.0.0.1:59293
TpTrace Information: 0 : 6276, 12, 2022/11/11, 02:49:04.123, 7430811170090, vstest.console.dll, SocketServer.Stop: Cancellation requested. Stopping message loop.
TpTrace Information: 0 : 6276, 10, 2022/11/11, 02:49:04.123, 7430811169380, vstest.console.dll, SocketServer.Stop: Stop server endPoint: 127.0.0.1:59293
TpTrace Information: 0 : 6276, 10, 2022/11/11, 02:49:04.124, 7430811172197, vstest.console.dll, SocketServer.Stop: Cancellation requested. Stopping message loop.
TpTrace Verbose: 0 : 6276, 10, 2022/11/11, 02:49:04.124, 7430811173113, vstest.console.dll, MulticastDelegateUtilities.SafeInvoke: HostProviderEvents.OnHostExited: Invoking callback 1/1 for Microsoft.VisualStudio.TestPlatform.CrossPlatEngine.Client.ProxyOperationManager.TestHostManagerHostExited, took 0 ms.
TpTrace Information: 0 : 6276, 12, 2022/11/11, 02:49:04.124, 7430811173522, vstest.console.dll, Closing the connection
TpTrace Verbose: 0 : 6276, 12, 2022/11/11, 02:49:04.124, 7430811177849, vstest.console.dll, ProxyDataCollectionManager.InvokeDataCollectionServiceAction: Starting.
TpTrace Information: 0 : 6276, 12, 2022/11/11, 02:49:04.124, 7430811178440, vstest.console.dll, ProxyDataCollectionManager.AfterTestRunEnd: Get attachment set and invoked data collectors processId: 9272 port: 59290
TpTrace Verbose: 0 : 6276, 12, 2022/11/11, 02:49:04.124, 7430811179003, vstest.console.dll, DataCollectionRequestSender.SendAfterTestRunStartAndGetResult: Send AfterTestRunEnd message with isCancelled: False
TpTrace Verbose: 0 : 6276, 12, 2022/11/11, 02:49:04.132, 7430811259284, vstest.console.dll, DataCollectionRequestSender.SendAfterTestRunStartAndGetResult: Received message: (DataCollection.AfterTestRunEndResult) -> {"MessageType":"DataCollection.AfterTestRunEndResult","Payload":{"AttachmentSets":[],"InvokedDataCollectors":[{"Uri":"datacollector://Microsoft/TestPlatform/Extensions/Blame/v1","FriendlyName":"Blame","AssemblyQualifiedName":"Microsoft.TestPlatform.Extensions.BlameDataCollector.BlameCollector, Microsoft.TestPlatform.Extensions.BlameDataCollector, Version=15.0.0.0, Culture=neutral, PublicKeyToken=b03f5f7f11d50a3a","FilePath":"C:\\Program Files\\dotnet\\sdk\\6.0.402\\Extensions\\Microsoft.TestPlatform.Extensions.BlameDataCollector.dll","HasAttachmentProcessor":false}],"Metrics":{}}}
TpTrace Warning: 0 : 6276, 9, 2022/11/11, 02:49:04.141, 7430811342519, vstest.console.dll, DataCollectionLauncher.ErrorReceivedCallback datacollector standard error line: 
TpTrace Information: 0 : 6276, 9, 2022/11/11, 02:49:04.143, 7430811363816, vstest.console.dll, DataCollectionLauncher.ExitCallBack: Data collector exited with exitcode: 0 error: ''
TpTrace Information: 0 : 6276, 12, 2022/11/11, 02:49:04.143, 7430811369277, vstest.console.dll, ProxyDataCollectionManager.InvokeDataCollectionServiceAction: Completed.
TpTrace Verbose: 0 : 6276, 12, 2022/11/11, 02:49:04.178, 7430811712722, vstest.console.dll, TestRunRequest:SendTestRunStatsChange: Starting.
TpTrace Verbose: 0 : 6276, 12, 2022/11/11, 02:49:04.178, 7430811714054, vstest.console.dll, MulticastDelegateUtilities.SafeInvoke: TestRun.RunStatsChanged: Invoking callbacks was skipped because there are no subscribers.
TpTrace Information: 0 : 6276, 12, 2022/11/11, 02:49:04.178, 7430811714624, vstest.console.dll, TestRunRequest:SendTestRunStatsChange: Completed.
TpTrace Verbose: 0 : 6276, 4, 2022/11/11, 02:49:04.178, 7430811715078, vstest.console.dll, MulticastDelegateUtilities.SafeInvoke: InternalTestLoggerEvents.SendTestResult: Invoking callback 1/1 for Microsoft.VisualStudio.TestPlatform.CommandLine.Internal.ConsoleLogger.TestResultHandler, took 0 ms.
TpTrace Verbose: 0 : 6276, 12, 2022/11/11, 02:49:04.178, 7430811718131, vstest.console.dll, ParallelProxyExecutionManager: HandlePartialRunComplete: Total completed clients = 1, Run complete = True, Run canceled: False.
TpTrace Verbose: 0 : 6276, 4, 2022/11/11, 02:49:04.189, 7430811830544, vstest.console.dll, MulticastDelegateUtilities.SafeInvoke: InternalTestLoggerEvents.SendTestRunComplete: Invoking callback 1/2 for Microsoft.TestPlatform.Extensions.BlameDataCollector.BlameLogger.TestRunCompleteHandler, took 0 ms.
TpTrace Verbose: 0 : 6276, 4, 2022/11/11, 02:49:04.196, 7430811891230, vstest.console.dll, MulticastDelegateUtilities.SafeInvoke: InternalTestLoggerEvents.SendTestRunComplete: Invoking callback 2/2 for Microsoft.VisualStudio.TestPlatform.CommandLine.Internal.ConsoleLogger.TestRunCompleteHandler, took 5 ms.
TpTrace Verbose: 0 : 6276, 12, 2022/11/11, 02:49:04.196, 7430811895789, vstest.console.dll, TestRunRequest:TestRunComplete: Starting. IsAborted:False IsCanceled:False.
TpTrace Verbose: 0 : 6276, 12, 2022/11/11, 02:49:04.198, 7430811912181, vstest.console.dll, TestLoggerManager.HandleTestRunComplete: Ignoring as the object is disposed.
TpTrace Verbose: 0 : 6276, 12, 2022/11/11, 02:49:04.198, 7430811915043, vstest.console.dll, MulticastDelegateUtilities.SafeInvoke: TestRun.TestRunComplete: Invoking callback 1/2 for Microsoft.VisualStudio.TestPlatform.CommandLine.TestRunResultAggregator.TestRunCompletionHandler, took 0 ms.
TpTrace Verbose: 0 : 6276, 12, 2022/11/11, 02:49:04.198, 7430811915945, vstest.console.dll, MulticastDelegateUtilities.SafeInvoke: TestRun.TestRunComplete: Invoking callback 2/2 for Microsoft.VisualStudio.TestPlatform.CommandLine.Processors.RunTestsArgumentExecutor+TestRunRequestEventsRegistrar.TestRunRequest_OnRunCompletion, took 0 ms.
TpTrace Information: 0 : 6276, 12, 2022/11/11, 02:49:04.198, 7430811917403, vstest.console.dll, TestRunRequest:TestRunComplete: Completed.
TpTrace Verbose: 0 : 6276, 12, 2022/11/11, 02:49:04.198, 7430811917886, vstest.console.dll, TestRequestSender.SetOperationComplete: Setting operation complete.
TpTrace Verbose: 0 : 6276, 1, 2022/11/11, 02:49:04.198, 7430811917931, vstest.console.dll, TestRunRequest.Dispose: Starting.
TpTrace Information: 0 : 6276, 1, 2022/11/11, 02:49:04.198, 7430811919144, vstest.console.dll, TestRunRequest.Dispose: Completed.
TpTrace Information: 0 : 6276, 12, 2022/11/11, 02:49:04.198, 7430811918308, vstest.console.dll, SocketServer.Stop: Stop server endPoint: 127.0.0.1:59293
TpTrace Information: 0 : 6276, 12, 2022/11/11, 02:49:04.198, 7430811921005, vstest.console.dll, SocketServer.Stop: Cancellation requested. Stopping message loop.
TpTrace Information: 0 : 6276, 1, 2022/11/11, 02:49:04.198, 7430811920220, vstest.console.dll, TestRequestManager.RunTests: run tests completed.
TpTrace Verbose: 0 : 6276, 12, 2022/11/11, 02:49:04.199, 7430811921824, vstest.console.dll, MulticastDelegateUtilities.SafeInvoke: LengthPrefixCommunicationChannel: MessageReceived: Invoking callback 1/1 for Microsoft.VisualStudio.TestPlatform.CommunicationUtilities.TestRequestSender+<>c__DisplayClass31_0.<StartTestRun>b__1, took 124 ms.
TpTrace Information: 0 : 6276, 1, 2022/11/11, 02:49:04.199, 7430811923437, vstest.console.dll, RunTestsArgumentProcessor:Execute: Test run is completed.
TpTrace Information: 0 : 6276, 12, 2022/11/11, 02:49:04.199, 7430811923786, vstest.console.dll, SocketServer.PrivateStop: Stopping server endPoint: 127.0.0.1:59293 error: 
TpTrace Verbose: 0 : 6276, 1, 2022/11/11, 02:49:04.199, 7430811926060, vstest.console.dll, Executor.Execute: Exiting with exit code of 0
TpTrace Verbose: 0 : 6276, 12, 2022/11/11, 02:49:04.199, 7430811929278, vstest.console.dll, LengthPrefixCommunicationChannel.Dispose: Dispose reader and writer.
TpTrace Information: 0 : 6276, 12, 2022/11/11, 02:49:04.199, 7430811930449, vstest.console.dll, SocketServer.Stop: Raise disconnected event endPoint: 127.0.0.1:59293 error: 
TpTrace Verbose: 0 : 6276, 12, 2022/11/11, 02:49:04.200, 7430811931508, vstest.console.dll, TestRequestSender: OnTestRunAbort: Operation is already complete. Skip error message.
